<?xml version="1.0" encoding="UTF-8"?>
<testsuite name="autotests.tests.actions.DuckQuackTest" tests="2" skipped="0" failures="1" errors="0" timestamp="2025-01-30T04:47:15" hostname="DESKTOP-BNQECL0" time="2.18">
  <properties/>
  <testcase name="successfulQuackWithEvenId[0](null)" classname="autotests.tests.actions.DuckQuackTest" time="2.027">
    <failure message="com.consol.citrus.exceptions.TestCaseFailedException: Failed to validate JSON text:&#13;&#10;{&quot;sound&quot;:&quot;moo-moo-moo, moo-moo-moo&quot;} Values not equal for entry: 'sound', expected 'quack-quack-quack, quack-quack-quack' but was 'moo-moo-moo, moo-moo-moo'" type="com.consol.citrus.exceptions.TestCaseFailedException">com.consol.citrus.exceptions.TestCaseFailedException: Failed to validate JSON text:
{&quot;sound&quot;:&quot;moo-moo-moo, moo-moo-moo&quot;} Values not equal for entry: 'sound', expected 'quack-quack-quack, quack-quack-quack' but was 'moo-moo-moo, moo-moo-moo'
	at app//com.consol.citrus.DefaultTestCase.executeAction(DefaultTestCase.java:143)
	at app//com.consol.citrus.DefaultTestCaseRunner.run(DefaultTestCaseRunner.java:125)
	at app//com.consol.citrus.TestActionRunner.$(TestActionRunner.java:35)
	at app//autotests.clients.DuckActionsClient.validateResponseResource(DuckActionsClient.java:39)
	at app//autotests.tests.actions.DuckQuackTest.successfulQuackWithEvenId(DuckQuackTest.java:47)
	at java.base@11.0.25/jdk.internal.reflect.NativeMethodAccessorImpl.invoke0(Native Method)
	at java.base@11.0.25/jdk.internal.reflect.NativeMethodAccessorImpl.invoke(NativeMethodAccessorImpl.java:62)
	at java.base@11.0.25/jdk.internal.reflect.DelegatingMethodAccessorImpl.invoke(DelegatingMethodAccessorImpl.java:43)
	at java.base@11.0.25/java.lang.reflect.Method.invoke(Method.java:566)
	at app//org.springframework.util.ReflectionUtils.invokeMethod(ReflectionUtils.java:282)
	at app//com.consol.citrus.testng.TestNGHelper.lambda$invokeTestMethod$1(TestNGHelper.java:82)
	at app//com.consol.citrus.common.DefaultTestLoader.lambda$doLoad$1(DefaultTestLoader.java:116)
	at java.base@11.0.25/java.util.ArrayList.forEach(ArrayList.java:1541)
	at app//com.consol.citrus.common.DefaultTestLoader.doLoad(DefaultTestLoader.java:116)
	at app//com.consol.citrus.common.DefaultTestLoader.load(DefaultTestLoader.java:94)
	at app//com.consol.citrus.testng.TestNGHelper.invokeTestMethod(TestNGHelper.java:83)
	at app//com.consol.citrus.testng.spring.TestNGCitrusSpringSupport.run(TestNGCitrusSpringSupport.java:185)
	at app//com.consol.citrus.testng.spring.TestNGCitrusSpringSupport.run(TestNGCitrusSpringSupport.java:101)
	at app//org.testng.internal.invokers.MethodInvocationHelper.invokeHookable(MethodInvocationHelper.java:272)
	at app//org.testng.internal.invokers.TestInvoker.invokeMethod(TestInvoker.java:669)
	at app//org.testng.internal.invokers.TestInvoker.invokeTestMethod(TestInvoker.java:221)
	at app//org.testng.internal.invokers.MethodRunner.runInSequence(MethodRunner.java:50)
	at app//org.testng.internal.invokers.TestInvoker$MethodInvocationAgent.invoke(TestInvoker.java:969)
	at app//org.testng.internal.invokers.TestInvoker.invokeTestMethods(TestInvoker.java:194)
	at app//org.testng.internal.invokers.TestMethodWorker.invokeTestMethods(TestMethodWorker.java:148)
	at app//org.testng.internal.invokers.TestMethodWorker.run(TestMethodWorker.java:128)
	at java.base@11.0.25/java.util.concurrent.ThreadPoolExecutor.runWorker(ThreadPoolExecutor.java:1128)
	at java.base@11.0.25/java.util.concurrent.ThreadPoolExecutor$Worker.run(ThreadPoolExecutor.java:628)
	at java.base@11.0.25/java.lang.Thread.run(Thread.java:829)
Caused by: com.consol.citrus.exceptions.ValidationException: Failed to validate JSON text:
{&quot;sound&quot;:&quot;moo-moo-moo, moo-moo-moo&quot;} Values not equal for entry: 'sound', expected 'quack-quack-quack, quack-quack-quack' but was 'moo-moo-moo, moo-moo-moo'
	at app//com.consol.citrus.validation.json.JsonTextMessageValidator.validateMessage(JsonTextMessageValidator.java:114)
	at app//com.consol.citrus.validation.json.JsonTextMessageValidator.validateMessage(JsonTextMessageValidator.java:58)
	at app//com.consol.citrus.validation.AbstractMessageValidator.validateMessage(AbstractMessageValidator.java:46)
	at app//com.consol.citrus.actions.ReceiveMessageAction.validateMessage(ReceiveMessageAction.java:279)
	at app//com.consol.citrus.actions.ReceiveMessageAction.doExecute(ReceiveMessageAction.java:168)
	at app//com.consol.citrus.actions.AbstractTestAction.execute(AbstractTestAction.java:59)
	at app//com.consol.citrus.DefaultTestCase.executeAction(DefaultTestCase.java:136)
	... 28 more
Caused by: java.lang.IllegalArgumentException: Values not equal for entry: 'sound', expected 'quack-quack-quack, quack-quack-quack' but was 'moo-moo-moo, moo-moo-moo'
	at org.springframework.util.Assert.isTrue(Assert.java:121)
	at com.consol.citrus.validation.json.JsonTextMessageValidator.validateJson(JsonTextMessageValidator.java:211)
	at com.consol.citrus.validation.json.JsonTextMessageValidator.validateMessage(JsonTextMessageValidator.java:102)
	... 34 more
</failure>
  </testcase>
  <testcase name="successfulQuackWithOddId[0](null)" classname="autotests.tests.actions.DuckQuackTest" time="0.116"/>
  <system-out><![CDATA[11:47:17,324 DEBUG   util.TypeConverter| Using type converter 'spring'
11:47:17,327 INFO  port.LoggingReporter| 
11:47:17,328 INFO  port.LoggingReporter| ------------------------------------------------------------------------
11:47:17,328 DEBUG port.LoggingReporter| STARTING TEST DuckQuackTest.successfulQuackWithOddId <autotests.tests.actions>
11:47:17,328 INFO  port.LoggingReporter| 
11:47:17,328 DEBUG trus.DefaultTestCase| Initializing test case
11:47:17,328 DEBUG  context.TestContext| Setting variable: citrus.test.name with value: 'DuckQuackTest.successfulQuackWithOddId'
11:47:17,328 DEBUG  context.TestContext| Setting variable: citrus.test.package with value: 'autotests.tests.actions'
11:47:17,328 DEBUG trus.DefaultTestCase| Initializing test parameter 'arg0' as variable
11:47:17,328 DEBUG  context.TestContext| Setting variable: arg0 with value: 'com.consol.citrus.DefaultTestCaseRunner@1a7f1587'
11:47:17,328 DEBUG trus.DefaultTestCase| Test variables:
11:47:17,329 DEBUG trus.DefaultTestCase| citrus.test.package = autotests.tests.actions
11:47:17,329 DEBUG trus.DefaultTestCase| arg0 = com.consol.citrus.DefaultTestCaseRunner@1a7f1587
11:47:17,329 DEBUG trus.DefaultTestCase| citrus.test.name = DuckQuackTest.successfulQuackWithOddId
11:47:17,329 DEBUG  context.TestContext| Setting variable: duckId with value: '1234567'
11:47:17,330 INFO  port.LoggingReporter| 
11:47:17,330 DEBUG port.LoggingReporter| TEST STEP 0: sql
11:47:17,330 DEBUG ons.ExecuteSQLAction| Executing SQL statement: INSERT INTO DUCK (id, color, height, material, sound, wings_state)
VALUES (1234567, 'yellow', 0.15, 'rubber', 'quack', 'ACTIVE')
11:47:17,332 INFO  ons.ExecuteSQLAction| SQL statement execution successful
11:47:17,332 INFO  port.LoggingReporter| 
11:47:17,332 DEBUG port.LoggingReporter| TEST STEP 0 SUCCESS
11:47:17,333 INFO  port.LoggingReporter| 
11:47:17,333 DEBUG port.LoggingReporter| TEST STEP 0: send
11:47:17,334 DEBUG ltCorrelationManager| Saving correlation key for 'citrus_message_correlator_duckService'
11:47:17,334 DEBUG  context.TestContext| Setting variable: citrus_message_correlator_duckService with value: 'citrus_message_id = '47942431-976c-4b51-b2f1-def9255338a8''
11:47:17,334 DEBUG  context.TestContext| Setting variable: citrus_message_replyTo_citrus_message_correlator_duckService with value: 'http://localhost:2222/api/duck/action/quack?repetitionCount=3&soundCount=2&id=1234567'
11:47:17,335 INFO     client.HttpClient| Sending HTTP message to: 'http://localhost:2222/api/duck/action/quack?repetitionCount=3&soundCount=2&id=1234567'
11:47:17,335 DEBUG    client.HttpClient| Message to send:

11:47:17,336 DEBUG ingClientInterceptor| Sending Http request message
11:47:17,336 DEBUG   util.TypeConverter| Using type converter 'spring'
11:47:17,442 INFO  port.LoggingReporter| ------------------------------------------------------------------------
11:47:17,442 DEBUG port.LoggingReporter| STARTING TEST DuckPropertiesTest.successfulGetPropertiesWithMaterialWood <autotests.tests.actions>
11:47:17,442 INFO  port.LoggingReporter| 
11:47:17,442 DEBUG trus.DefaultTestCase| Initializing test case
11:47:17,442 DEBUG  context.TestContext| Setting variable: citrus.test.name with value: 'DuckPropertiesTest.successfulGetPropertiesWithMaterialWood'
11:47:17,442 DEBUG  context.TestContext| Setting variable: citrus.test.package with value: 'autotests.tests.actions'
11:47:17,442 DEBUG trus.DefaultTestCase| Initializing test parameter 'arg0' as variable
11:47:17,443 DEBUG  context.TestContext| Setting variable: arg0 with value: 'com.consol.citrus.DefaultTestCaseRunner@3001f880'
11:47:17,443 DEBUG trus.DefaultTestCase| Test variables:
11:47:17,443 DEBUG trus.DefaultTestCase| citrus.test.package = autotests.tests.actions
11:47:17,443 DEBUG trus.DefaultTestCase| arg0 = com.consol.citrus.DefaultTestCaseRunner@3001f880
11:47:17,443 DEBUG trus.DefaultTestCase| citrus.test.name = DuckPropertiesTest.successfulGetPropertiesWithMaterialWood
11:47:17,443 DEBUG  context.TestContext| Setting variable: duckId with value: '1234568'
11:47:17,444 INFO  port.LoggingReporter| 
11:47:17,445 DEBUG port.LoggingReporter| TEST STEP 0: sql
11:47:17,445 DEBUG ons.ExecuteSQLAction| Executing SQL statement: INSERT INTO DUCK (id, color, height, material, sound, wings_state)
VALUES (1234568, 'yellow', 0.15, 'wood', 'quack', 'ACTIVE')
11:47:17,448 INFO  ons.ExecuteSQLAction| SQL statement execution successful
11:47:17,449 INFO  port.LoggingReporter| 
]]></system-out>
  <system-err><![CDATA[]]></system-err>
</testsuite>
