<?xml version="1.0" encoding="UTF-8"?>
<testsuite name="autotests.tests.objectManipulation.DuckUpdateTest" tests="2" skipped="0" failures="0" errors="0" timestamp="2025-01-30T04:47:18" hostname="DESKTOP-BNQECL0" time="0.597">
  <properties/>
  <testcase name="successfulUpdateDuckWithColorAndHeight[0](null)" classname="autotests.tests.objectManipulation.DuckUpdateTest" time="0.301"/>
  <testcase name="successfulUpdateDuckWithColorAndSound[0](null)" classname="autotests.tests.objectManipulation.DuckUpdateTest" time="0.274"/>
  <system-out><![CDATA[11:47:18,153 INFO  port.LoggingReporter| 
11:47:18,160 DEBUG port.LoggingReporter| TEST STEP 0 SUCCESS
11:47:18,161 INFO  port.LoggingReporter| 
11:47:18,161 DEBUG port.LoggingReporter| TEST STEP 0: send
11:47:18,162 DEBUG ltCorrelationManager| Saving correlation key for 'citrus_message_correlator_duckService'
11:47:18,162 DEBUG  context.TestContext| Setting variable: citrus_message_correlator_duckService with value: 'citrus_message_id = '437befea-36c5-432c-8bad-4e2506aa4a71''
11:47:18,162 DEBUG  context.TestContext| Setting variable: citrus_message_replyTo_citrus_message_correlator_duckService with value: 'http://localhost:2222/api/duck/action/fly?id=337678'
11:47:18,163 INFO     client.HttpClient| Sending HTTP message to: 'http://localhost:2222/api/duck/action/fly?id=337678'
11:47:18,163 DEBUG    client.HttpClient| Message to send:

11:47:18,163 DEBUG ingClientInterceptor| Sending Http request message
11:47:18,164 DEBUG   util.TypeConverter| Using type converter 'spring'
11:47:18,191 DEBUG ingClientInterceptor| Received Http response message
11:47:18,191 DEBUG   util.TypeConverter| Using type converter 'spring'
11:47:18,194 INFO     client.HttpClient| HTTP message was sent to endpoint: 'http://localhost:2222/api/duck/action/fly?id=337678'
11:47:18,483 INFO  port.LoggingReporter| 
11:47:18,523 DEBUG   util.TypeConverter| Using type converter 'spring'
11:47:18,526 INFO  ons.ExecuteSQLAction| SQL statement execution successful
11:47:18,531 INFO  port.LoggingReporter| 
11:47:18,532 DEBUG port.LoggingReporter| TEST STEP 0 SUCCESS
11:47:18,532 INFO  port.LoggingReporter| 
11:47:18,532 DEBUG port.LoggingReporter| TEST STEP 0 SUCCESS
11:47:18,532 INFO  port.LoggingReporter| 
11:47:18,532 ERROR port.LoggingReporter| TEST FAILED DuckFlyTest.successfulFlyWithUndefinedWings <autotests.tests.actions> Nested exception is: 
com.consol.citrus.exceptions.ValidationException: Validation failed: Values not equal for header element 'citrus_http_reason_phrase', expected 'BAD_REQUEST' but was 'OK'
	at com.consol.citrus.validation.DefaultHeaderValidator.validateHeader(DefaultHeaderValidator.java:79)
	at com.consol.citrus.validation.DefaultMessageHeaderValidator.validateMessage(DefaultMessageHeaderValidator.java:101)
	at com.consol.citrus.validation.DefaultMessageHeaderValidator.validateMessage(DefaultMessageHeaderValidator.java:44)
	at com.consol.citrus.validation.AbstractMessageValidator.validateMessage(AbstractMessageValidator.java:46)
	at com.consol.citrus.actions.ReceiveMessageAction.validateMessage(ReceiveMessageAction.java:279)
	at com.consol.citrus.actions.ReceiveMessageAction.doExecute(ReceiveMessageAction.java:168)
	at com.consol.citrus.actions.AbstractTestAction.execute(AbstractTestAction.java:59)
	at com.consol.citrus.DefaultTestCase.executeAction(DefaultTestCase.java:136)
	at com.consol.citrus.DefaultTestCaseRunner.run(DefaultTestCaseRunner.java:125)
	at com.consol.citrus.TestActionRunner.$(TestActionRunner.java:35)
	at autotests.clients.DuckActionsClient.validateResponseWingsUndefined(DuckActionsClient.java:48)
	at autotests.tests.actions.DuckFlyTest.successfulFlyWithUndefinedWings(DuckFlyTest.java:67)
	at java.base/jdk.internal.reflect.NativeMethodAccessorImpl.invoke0(Native Method)
	at java.base/jdk.internal.reflect.NativeMethodAccessorImpl.invoke(NativeMethodAccessorImpl.java:62)
	at java.base/jdk.internal.reflect.DelegatingMethodAccessorImpl.invoke(DelegatingMethodAccessorImpl.java:43)
	at java.base/java.lang.reflect.Method.invoke(Method.java:566)
	at org.springframework.util.ReflectionUtils.invokeMethod(ReflectionUtils.java:282)
	at com.consol.citrus.testng.TestNGHelper.lambda$invokeTestMethod$1(TestNGHelper.java:82)
	at com.consol.citrus.common.DefaultTestLoader.lambda$doLoad$1(DefaultTestLoader.java:116)
	at java.base/java.util.ArrayList.forEach(ArrayList.java:1541)
	at com.consol.citrus.common.DefaultTestLoader.doLoad(DefaultTestLoader.java:116)
	at com.consol.citrus.common.DefaultTestLoader.load(DefaultTestLoader.java:94)
	at com.consol.citrus.testng.TestNGHelper.invokeTestMethod(TestNGHelper.java:83)
	at com.consol.citrus.testng.spring.TestNGCitrusSpringSupport.run(TestNGCitrusSpringSupport.java:185)
	at com.consol.citrus.testng.spring.TestNGCitrusSpringSupport.run(TestNGCitrusSpringSupport.java:101)
	at org.testng.internal.invokers.MethodInvocationHelper.invokeHookable(MethodInvocationHelper.java:272)
	at org.testng.internal.invokers.TestInvoker.invokeMethod(TestInvoker.java:669)
	at org.testng.internal.invokers.TestInvoker.invokeTestMethod(TestInvoker.java:221)
	at org.testng.internal.invokers.MethodRunner.runInSequence(MethodRunner.java:50)
	at org.testng.internal.invokers.TestInvoker$MethodInvocationAgent.invoke(TestInvoker.java:969)
	at org.testng.internal.invokers.TestInvoker.invokeTestMethods(TestInvoker.java:194)
	at org.testng.internal.invokers.TestMethodWorker.invokeTestMethods(TestMethodWorker.java:148)
	at org.testng.internal.invokers.TestMethodWorker.run(TestMethodWorker.java:128)
	at java.base/java.util.concurrent.ThreadPoolExecutor.runWorker(ThreadPoolExecutor.java:1128)
	at java.base/java.util.concurrent.ThreadPoolExecutor$Worker.run(ThreadPoolExecutor.java:628)
	at java.base/java.lang.Thread.run(Thread.java:829)
Caused by: java.lang.IllegalArgumentException: Values not equal for header element 'citrus_http_reason_phrase', expected 'BAD_REQUEST' but was 'OK'
	at org.springframework.util.Assert.isTrue(Assert.java:121)
	at com.consol.citrus.validation.DefaultHeaderValidator.validateHeader(DefaultHeaderValidator.java:66)
	... 35 more
11:47:18,539 INFO  port.LoggingReporter| ------------------------------------------------------------------------
11:47:18,539 INFO  port.LoggingReporter| 
11:47:18,539 INFO  port.LoggingReporter| 
11:47:18,542 INFO  port.LoggingReporter| ------------------------------------------------------------------------
11:47:18,542 DEBUG port.LoggingReporter| STARTING TEST DuckCreateTest.successfulCreateDuckWithMaterialWood <autotests.tests.objectManipulation>
11:47:18,542 INFO  port.LoggingReporter| 
11:47:18,542 DEBUG trus.DefaultTestCase| Initializing test case
11:47:18,542 DEBUG  context.TestContext| Setting variable: citrus.test.name with value: 'DuckCreateTest.successfulCreateDuckWithMaterialWood'
11:47:18,542 DEBUG  context.TestContext| Setting variable: citrus.test.package with value: 'autotests.tests.objectManipulation'
11:47:18,542 DEBUG trus.DefaultTestCase| Initializing test parameter 'arg0' as variable
11:47:18,542 DEBUG  context.TestContext| Setting variable: arg0 with value: 'com.consol.citrus.DefaultTestCaseRunner@2eff1ed8'
11:47:18,542 DEBUG trus.DefaultTestCase| Test variables:
11:47:18,543 DEBUG trus.DefaultTestCase| citrus.test.package = autotests.tests.objectManipulation
11:47:18,543 DEBUG trus.DefaultTestCase| arg0 = com.consol.citrus.DefaultTestCaseRunner@2eff1ed8
11:47:18,543 DEBUG trus.DefaultTestCase| citrus.test.name = DuckCreateTest.successfulCreateDuckWithMaterialWood
]]></system-out>
  <system-err><![CDATA[]]></system-err>
</testsuite>
