<?xml version="1.0" encoding="UTF-8"?>
<!-- Generated by org.testng.reporters.JUnitXMLReporter -->
<testsuite ignored="20" hostname="DESKTOP-BNQECL0" failures="8" tests="14" name="Gradle test" time="4.102" errors="0" timestamp="2025-01-30T11:47:19 GMT+07:00">
  <testcase classname="autotests.tests.actions.DuckSwimTest" name="successfulSwimWithExistingId" time="1.554">
    <failure type="com.consol.citrus.exceptions.TestCaseFailedException" message="Validation failed: Values not equal for header element &amp;apos;citrus_http_reason_phrase&amp;apos;, expected &amp;apos;OK&amp;apos; but was &amp;apos;NOT_FOUND&amp;apos;">
      <![CDATA[com.consol.citrus.exceptions.TestCaseFailedException: Validation failed: Values not equal for header element 'citrus_http_reason_phrase', expected 'OK' but was 'NOT_FOUND'
at com.consol.citrus.DefaultTestCase.executeAction(DefaultTestCase.java:143)
at com.consol.citrus.DefaultTestCaseRunner.run(DefaultTestCaseRunner.java:125)
at com.consol.citrus.TestActionRunner.$(TestActionRunner.java:35)
at autotests.clients.DuckActionsClient.validateResponseString(DuckActionsClient.java:30)
at autotests.tests.actions.DuckSwimTest.successfulSwimWithExistingId(DuckSwimTest.java:32)
at org.springframework.util.ReflectionUtils.invokeMethod(ReflectionUtils.java:282)
at com.consol.citrus.testng.TestNGHelper.lambda$invokeTestMethod$1(TestNGHelper.java:82)
at com.consol.citrus.common.DefaultTestLoader.lambda$doLoad$1(DefaultTestLoader.java:116)
at java.base/java.util.ArrayList.forEach(ArrayList.java:1541)
at com.consol.citrus.common.DefaultTestLoader.doLoad(DefaultTestLoader.java:116)
at com.consol.citrus.common.DefaultTestLoader.load(DefaultTestLoader.java:94)
at com.consol.citrus.testng.TestNGHelper.invokeTestMethod(TestNGHelper.java:83)
at com.consol.citrus.testng.spring.TestNGCitrusSpringSupport.run(TestNGCitrusSpringSupport.java:185)
at com.consol.citrus.testng.spring.TestNGCitrusSpringSupport.run(TestNGCitrusSpringSupport.java:101)
at java.base/java.util.concurrent.ThreadPoolExecutor.runWorker(ThreadPoolExecutor.java:1128)
at java.base/java.util.concurrent.ThreadPoolExecutor$Worker.run(ThreadPoolExecutor.java:628)
at java.base/java.lang.Thread.run(Thread.java:829)
Caused by: com.consol.citrus.exceptions.ValidationException: Validation failed: Values not equal for header element 'citrus_http_reason_phrase', expected 'OK' but was 'NOT_FOUND'
at com.consol.citrus.validation.DefaultHeaderValidator.validateHeader(DefaultHeaderValidator.java:79)
at com.consol.citrus.validation.DefaultMessageHeaderValidator.validateMessage(DefaultMessageHeaderValidator.java:101)
at com.consol.citrus.validation.DefaultMessageHeaderValidator.validateMessage(DefaultMessageHeaderValidator.java:44)
at com.consol.citrus.validation.AbstractMessageValidator.validateMessage(AbstractMessageValidator.java:46)
at com.consol.citrus.actions.ReceiveMessageAction.validateMessage(ReceiveMessageAction.java:279)
at com.consol.citrus.actions.ReceiveMessageAction.doExecute(ReceiveMessageAction.java:168)
at com.consol.citrus.actions.AbstractTestAction.execute(AbstractTestAction.java:59)
at com.consol.citrus.DefaultTestCase.executeAction(DefaultTestCase.java:136)
... 28 more
Caused by: java.lang.IllegalArgumentException: Values not equal for header element 'citrus_http_reason_phrase', expected 'OK' but was 'NOT_FOUND'
at org.springframework.util.Assert.isTrue(Assert.java:121)
at com.consol.citrus.validation.DefaultHeaderValidator.validateHeader(DefaultHeaderValidator.java:66)
... 35 more
... Removed 12 stack frames]]>
    </failure>
  </testcase> <!-- successfulSwimWithExistingId -->
  <testcase classname="autotests.tests.actions.DuckSwimTest" name="unsuccessfulSwimWithNotExistingId" time="0.351">
    <failure type="com.consol.citrus.exceptions.TestCaseFailedException" message="Failed to validate JSON text:
{&amp;quot;message&amp;quot;:&amp;quot;Paws are not found ((((&amp;quot;} Values not equal for entry: &amp;apos;message&amp;apos;, expected &amp;apos;Duck with id = 0 is not found&amp;apos; but was &amp;apos;Paws are not found ((((&amp;apos;">
      <![CDATA[com.consol.citrus.exceptions.TestCaseFailedException: Failed to validate JSON text:
{"message":"Paws are not found (((("} Values not equal for entry: 'message', expected 'Duck with id = 0 is not found' but was 'Paws are not found (((('
at com.consol.citrus.DefaultTestCase.executeAction(DefaultTestCase.java:143)
at com.consol.citrus.DefaultTestCaseRunner.run(DefaultTestCaseRunner.java:125)
at com.consol.citrus.TestActionRunner.$(TestActionRunner.java:35)
at autotests.clients.DuckActionsClient.validateResponseWithNotExistingId(DuckActionsClient.java:57)
at autotests.tests.actions.DuckSwimTest.unsuccessfulSwimWithNotExistingId(DuckSwimTest.java:42)
at org.springframework.util.ReflectionUtils.invokeMethod(ReflectionUtils.java:282)
at com.consol.citrus.testng.TestNGHelper.lambda$invokeTestMethod$1(TestNGHelper.java:82)
at com.consol.citrus.common.DefaultTestLoader.lambda$doLoad$1(DefaultTestLoader.java:116)
at java.base/java.util.ArrayList.forEach(ArrayList.java:1541)
at com.consol.citrus.common.DefaultTestLoader.doLoad(DefaultTestLoader.java:116)
at com.consol.citrus.common.DefaultTestLoader.load(DefaultTestLoader.java:94)
at com.consol.citrus.testng.TestNGHelper.invokeTestMethod(TestNGHelper.java:83)
at com.consol.citrus.testng.spring.TestNGCitrusSpringSupport.run(TestNGCitrusSpringSupport.java:185)
at com.consol.citrus.testng.spring.TestNGCitrusSpringSupport.run(TestNGCitrusSpringSupport.java:101)
at java.base/java.util.concurrent.ThreadPoolExecutor.runWorker(ThreadPoolExecutor.java:1128)
at java.base/java.util.concurrent.ThreadPoolExecutor$Worker.run(ThreadPoolExecutor.java:628)
at java.base/java.lang.Thread.run(Thread.java:829)
Caused by: com.consol.citrus.exceptions.ValidationException: Failed to validate JSON text:
{"message":"Paws are not found (((("} Values not equal for entry: 'message', expected 'Duck with id = 0 is not found' but was 'Paws are not found (((('
at com.consol.citrus.validation.json.JsonTextMessageValidator.validateMessage(JsonTextMessageValidator.java:114)
at com.consol.citrus.validation.json.JsonTextMessageValidator.validateMessage(JsonTextMessageValidator.java:58)
at com.consol.citrus.validation.AbstractMessageValidator.validateMessage(AbstractMessageValidator.java:46)
at com.consol.citrus.actions.ReceiveMessageAction.validateMessage(ReceiveMessageAction.java:279)
at com.consol.citrus.actions.ReceiveMessageAction.doExecute(ReceiveMessageAction.java:168)
at com.consol.citrus.actions.AbstractTestAction.execute(AbstractTestAction.java:59)
at com.consol.citrus.DefaultTestCase.executeAction(DefaultTestCase.java:136)
... 28 more
Caused by: java.lang.IllegalArgumentException: Values not equal for entry: 'message', expected 'Duck with id = 0 is not found' but was 'Paws are not found (((('
at org.springframework.util.Assert.isTrue(Assert.java:121)
at com.consol.citrus.validation.json.JsonTextMessageValidator.validateJson(JsonTextMessageValidator.java:211)
at com.consol.citrus.validation.json.JsonTextMessageValidator.validateMessage(JsonTextMessageValidator.java:102)
... 34 more
... Removed 12 stack frames]]>
    </failure>
  </testcase> <!-- unsuccessfulSwimWithNotExistingId -->
  <testcase classname="autotests.tests.actions.DuckPropertiesTest" name="successfulGetPropertiesWithMaterialRubber" time="2.022">
    <failure type="com.consol.citrus.exceptions.TestCaseFailedException" message="Failed to validate JSON text:
{&amp;quot;color&amp;quot;:&amp;quot;yellow&amp;quot;,&amp;quot;height&amp;quot;:15.0,&amp;quot;material&amp;quot;:&amp;quot;rubber&amp;quot;,&amp;quot;sound&amp;quot;:&amp;quot;quack&amp;quot;,&amp;quot;wingsState&amp;quot;:&amp;quot;ACTIVE&amp;quot;} Values not equal for entry: &amp;apos;height&amp;apos;, expected &amp;apos;0.15&amp;apos; but was &amp;apos;15.0&amp;apos;">
      <![CDATA[com.consol.citrus.exceptions.TestCaseFailedException: Failed to validate JSON text:
{"color":"yellow","height":15.0,"material":"rubber","sound":"quack","wingsState":"ACTIVE"} Values not equal for entry: 'height', expected '0.15' but was '15.0'
at com.consol.citrus.DefaultTestCase.executeAction(DefaultTestCase.java:143)
at com.consol.citrus.DefaultTestCaseRunner.run(DefaultTestCaseRunner.java:125)
at com.consol.citrus.TestActionRunner.$(TestActionRunner.java:35)
at autotests.clients.DuckActionsClient.validateResponseString(DuckActionsClient.java:30)
at autotests.tests.actions.DuckPropertiesTest.successfulGetPropertiesWithMaterialRubber(DuckPropertiesTest.java:32)
at org.springframework.util.ReflectionUtils.invokeMethod(ReflectionUtils.java:282)
at com.consol.citrus.testng.TestNGHelper.lambda$invokeTestMethod$1(TestNGHelper.java:82)
at com.consol.citrus.common.DefaultTestLoader.lambda$doLoad$1(DefaultTestLoader.java:116)
at java.base/java.util.ArrayList.forEach(ArrayList.java:1541)
at com.consol.citrus.common.DefaultTestLoader.doLoad(DefaultTestLoader.java:116)
at com.consol.citrus.common.DefaultTestLoader.load(DefaultTestLoader.java:94)
at com.consol.citrus.testng.TestNGHelper.invokeTestMethod(TestNGHelper.java:83)
at com.consol.citrus.testng.spring.TestNGCitrusSpringSupport.run(TestNGCitrusSpringSupport.java:185)
at com.consol.citrus.testng.spring.TestNGCitrusSpringSupport.run(TestNGCitrusSpringSupport.java:101)
at java.base/java.util.concurrent.ThreadPoolExecutor.runWorker(ThreadPoolExecutor.java:1128)
at java.base/java.util.concurrent.ThreadPoolExecutor$Worker.run(ThreadPoolExecutor.java:628)
at java.base/java.lang.Thread.run(Thread.java:829)
Caused by: com.consol.citrus.exceptions.ValidationException: Failed to validate JSON text:
{"color":"yellow","height":15.0,"material":"rubber","sound":"quack","wingsState":"ACTIVE"} Values not equal for entry: 'height', expected '0.15' but was '15.0'
at com.consol.citrus.validation.json.JsonTextMessageValidator.validateMessage(JsonTextMessageValidator.java:114)
at com.consol.citrus.validation.json.JsonTextMessageValidator.validateMessage(JsonTextMessageValidator.java:58)
at com.consol.citrus.validation.AbstractMessageValidator.validateMessage(AbstractMessageValidator.java:46)
at com.consol.citrus.actions.ReceiveMessageAction.validateMessage(ReceiveMessageAction.java:279)
at com.consol.citrus.actions.ReceiveMessageAction.doExecute(ReceiveMessageAction.java:168)
at com.consol.citrus.actions.AbstractTestAction.execute(AbstractTestAction.java:59)
at com.consol.citrus.DefaultTestCase.executeAction(DefaultTestCase.java:136)
... 28 more
Caused by: java.lang.IllegalArgumentException: Values not equal for entry: 'height', expected '0.15' but was '15.0'
at org.springframework.util.Assert.isTrue(Assert.java:121)
at com.consol.citrus.validation.json.JsonTextMessageValidator.validateJson(JsonTextMessageValidator.java:211)
at com.consol.citrus.validation.json.JsonTextMessageValidator.validateMessage(JsonTextMessageValidator.java:102)
... 34 more
... Removed 12 stack frames]]>
    </failure>
  </testcase> <!-- successfulGetPropertiesWithMaterialRubber -->
  <testcase classname="autotests.tests.actions.DuckQuackTest" name="successfulQuackWithEvenId" time="2.027">
    <failure type="com.consol.citrus.exceptions.TestCaseFailedException" message="Failed to validate JSON text:
{&amp;quot;sound&amp;quot;:&amp;quot;moo-moo-moo, moo-moo-moo&amp;quot;} Values not equal for entry: &amp;apos;sound&amp;apos;, expected &amp;apos;quack-quack-quack, quack-quack-quack&amp;apos; but was &amp;apos;moo-moo-moo, moo-moo-moo&amp;apos;">
      <![CDATA[com.consol.citrus.exceptions.TestCaseFailedException: Failed to validate JSON text:
{"sound":"moo-moo-moo, moo-moo-moo"} Values not equal for entry: 'sound', expected 'quack-quack-quack, quack-quack-quack' but was 'moo-moo-moo, moo-moo-moo'
at com.consol.citrus.DefaultTestCase.executeAction(DefaultTestCase.java:143)
at com.consol.citrus.DefaultTestCaseRunner.run(DefaultTestCaseRunner.java:125)
at com.consol.citrus.TestActionRunner.$(TestActionRunner.java:35)
at autotests.clients.DuckActionsClient.validateResponseResource(DuckActionsClient.java:39)
at autotests.tests.actions.DuckQuackTest.successfulQuackWithEvenId(DuckQuackTest.java:47)
at org.springframework.util.ReflectionUtils.invokeMethod(ReflectionUtils.java:282)
at com.consol.citrus.testng.TestNGHelper.lambda$invokeTestMethod$1(TestNGHelper.java:82)
at com.consol.citrus.common.DefaultTestLoader.lambda$doLoad$1(DefaultTestLoader.java:116)
at java.base/java.util.ArrayList.forEach(ArrayList.java:1541)
at com.consol.citrus.common.DefaultTestLoader.doLoad(DefaultTestLoader.java:116)
at com.consol.citrus.common.DefaultTestLoader.load(DefaultTestLoader.java:94)
at com.consol.citrus.testng.TestNGHelper.invokeTestMethod(TestNGHelper.java:83)
at com.consol.citrus.testng.spring.TestNGCitrusSpringSupport.run(TestNGCitrusSpringSupport.java:185)
at com.consol.citrus.testng.spring.TestNGCitrusSpringSupport.run(TestNGCitrusSpringSupport.java:101)
at java.base/java.util.concurrent.ThreadPoolExecutor.runWorker(ThreadPoolExecutor.java:1128)
at java.base/java.util.concurrent.ThreadPoolExecutor$Worker.run(ThreadPoolExecutor.java:628)
at java.base/java.lang.Thread.run(Thread.java:829)
Caused by: com.consol.citrus.exceptions.ValidationException: Failed to validate JSON text:
{"sound":"moo-moo-moo, moo-moo-moo"} Values not equal for entry: 'sound', expected 'quack-quack-quack, quack-quack-quack' but was 'moo-moo-moo, moo-moo-moo'
at com.consol.citrus.validation.json.JsonTextMessageValidator.validateMessage(JsonTextMessageValidator.java:114)
at com.consol.citrus.validation.json.JsonTextMessageValidator.validateMessage(JsonTextMessageValidator.java:58)
at com.consol.citrus.validation.AbstractMessageValidator.validateMessage(AbstractMessageValidator.java:46)
at com.consol.citrus.actions.ReceiveMessageAction.validateMessage(ReceiveMessageAction.java:279)
at com.consol.citrus.actions.ReceiveMessageAction.doExecute(ReceiveMessageAction.java:168)
at com.consol.citrus.actions.AbstractTestAction.execute(AbstractTestAction.java:59)
at com.consol.citrus.DefaultTestCase.executeAction(DefaultTestCase.java:136)
... 28 more
Caused by: java.lang.IllegalArgumentException: Values not equal for entry: 'sound', expected 'quack-quack-quack, quack-quack-quack' but was 'moo-moo-moo, moo-moo-moo'
at org.springframework.util.Assert.isTrue(Assert.java:121)
at com.consol.citrus.validation.json.JsonTextMessageValidator.validateJson(JsonTextMessageValidator.java:211)
at com.consol.citrus.validation.json.JsonTextMessageValidator.validateMessage(JsonTextMessageValidator.java:102)
... 34 more
... Removed 12 stack frames]]>
    </failure>
  </testcase> <!-- successfulQuackWithEvenId -->
  <testcase classname="autotests.tests.actions.DuckFlyTest" name="successfulFlyWithActiveWings" time="2.012">
    <failure type="com.consol.citrus.exceptions.TestCaseFailedException" message="Failed to validate JSON text:
{&amp;quot;message&amp;quot;:&amp;quot;I am flying :)&amp;quot;} Values not equal for entry: &amp;apos;message&amp;apos;, expected &amp;apos;I`m flying&amp;apos; but was &amp;apos;I am flying :)&amp;apos;">
      <![CDATA[com.consol.citrus.exceptions.TestCaseFailedException: Failed to validate JSON text:
{"message":"I am flying :)"} Values not equal for entry: 'message', expected 'I`m flying' but was 'I am flying :)'
at com.consol.citrus.DefaultTestCase.executeAction(DefaultTestCase.java:143)
at com.consol.citrus.DefaultTestCaseRunner.run(DefaultTestCaseRunner.java:125)
at com.consol.citrus.TestActionRunner.$(TestActionRunner.java:35)
at autotests.clients.DuckActionsClient.validateResponseString(DuckActionsClient.java:30)
at autotests.tests.actions.DuckFlyTest.successfulFlyWithActiveWings(DuckFlyTest.java:33)
at org.springframework.util.ReflectionUtils.invokeMethod(ReflectionUtils.java:282)
at com.consol.citrus.testng.TestNGHelper.lambda$invokeTestMethod$1(TestNGHelper.java:82)
at com.consol.citrus.common.DefaultTestLoader.lambda$doLoad$1(DefaultTestLoader.java:116)
at java.base/java.util.ArrayList.forEach(ArrayList.java:1541)
at com.consol.citrus.common.DefaultTestLoader.doLoad(DefaultTestLoader.java:116)
at com.consol.citrus.common.DefaultTestLoader.load(DefaultTestLoader.java:94)
at com.consol.citrus.testng.TestNGHelper.invokeTestMethod(TestNGHelper.java:83)
at com.consol.citrus.testng.spring.TestNGCitrusSpringSupport.run(TestNGCitrusSpringSupport.java:185)
at com.consol.citrus.testng.spring.TestNGCitrusSpringSupport.run(TestNGCitrusSpringSupport.java:101)
at java.base/java.util.concurrent.ThreadPoolExecutor.runWorker(ThreadPoolExecutor.java:1128)
at java.base/java.util.concurrent.ThreadPoolExecutor$Worker.run(ThreadPoolExecutor.java:628)
at java.base/java.lang.Thread.run(Thread.java:829)
Caused by: com.consol.citrus.exceptions.ValidationException: Failed to validate JSON text:
{"message":"I am flying :)"} Values not equal for entry: 'message', expected 'I`m flying' but was 'I am flying :)'
at com.consol.citrus.validation.json.JsonTextMessageValidator.validateMessage(JsonTextMessageValidator.java:114)
at com.consol.citrus.validation.json.JsonTextMessageValidator.validateMessage(JsonTextMessageValidator.java:58)
at com.consol.citrus.validation.AbstractMessageValidator.validateMessage(AbstractMessageValidator.java:46)
at com.consol.citrus.actions.ReceiveMessageAction.validateMessage(ReceiveMessageAction.java:279)
at com.consol.citrus.actions.ReceiveMessageAction.doExecute(ReceiveMessageAction.java:168)
at com.consol.citrus.actions.AbstractTestAction.execute(AbstractTestAction.java:59)
at com.consol.citrus.DefaultTestCase.executeAction(DefaultTestCase.java:136)
... 28 more
Caused by: java.lang.IllegalArgumentException: Values not equal for entry: 'message', expected 'I`m flying' but was 'I am flying :)'
at org.springframework.util.Assert.isTrue(Assert.java:121)
at com.consol.citrus.validation.json.JsonTextMessageValidator.validateJson(JsonTextMessageValidator.java:211)
at com.consol.citrus.validation.json.JsonTextMessageValidator.validateMessage(JsonTextMessageValidator.java:102)
... 34 more
... Removed 12 stack frames]]>
    </failure>
  </testcase> <!-- successfulFlyWithActiveWings -->
  <testcase classname="autotests.tests.actions.DuckQuackTest" name="successfulQuackWithOddId" time="0.116"/>
  <testcase classname="autotests.tests.actions.DuckPropertiesTest" name="successfulGetPropertiesWithMaterialWood" time="0.717">
    <failure type="com.consol.citrus.exceptions.TestCaseFailedException" message="Failed to validate JSON text:
{} Number of JSON entries not equal for element: &amp;apos;$.&amp;apos;, expected &amp;apos;5&amp;apos; but was &amp;apos;0&amp;apos;">
      <![CDATA[com.consol.citrus.exceptions.TestCaseFailedException: Failed to validate JSON text:
{} Number of JSON entries not equal for element: '$.', expected '5' but was '0'
at com.consol.citrus.DefaultTestCase.executeAction(DefaultTestCase.java:143)
at com.consol.citrus.DefaultTestCaseRunner.run(DefaultTestCaseRunner.java:125)
at com.consol.citrus.TestActionRunner.$(TestActionRunner.java:35)
at autotests.clients.DuckActionsClient.validateResponseString(DuckActionsClient.java:30)
at autotests.tests.actions.DuckPropertiesTest.successfulGetPropertiesWithMaterialWood(DuckPropertiesTest.java:53)
at org.springframework.util.ReflectionUtils.invokeMethod(ReflectionUtils.java:282)
at com.consol.citrus.testng.TestNGHelper.lambda$invokeTestMethod$1(TestNGHelper.java:82)
at com.consol.citrus.common.DefaultTestLoader.lambda$doLoad$1(DefaultTestLoader.java:116)
at java.base/java.util.ArrayList.forEach(ArrayList.java:1541)
at com.consol.citrus.common.DefaultTestLoader.doLoad(DefaultTestLoader.java:116)
at com.consol.citrus.common.DefaultTestLoader.load(DefaultTestLoader.java:94)
at com.consol.citrus.testng.TestNGHelper.invokeTestMethod(TestNGHelper.java:83)
at com.consol.citrus.testng.spring.TestNGCitrusSpringSupport.run(TestNGCitrusSpringSupport.java:185)
at com.consol.citrus.testng.spring.TestNGCitrusSpringSupport.run(TestNGCitrusSpringSupport.java:101)
at java.base/java.util.concurrent.ThreadPoolExecutor.runWorker(ThreadPoolExecutor.java:1128)
at java.base/java.util.concurrent.ThreadPoolExecutor$Worker.run(ThreadPoolExecutor.java:628)
at java.base/java.lang.Thread.run(Thread.java:829)
Caused by: com.consol.citrus.exceptions.ValidationException: Failed to validate JSON text:
{} Number of JSON entries not equal for element: '$.', expected '5' but was '0'
at com.consol.citrus.validation.json.JsonTextMessageValidator.validateMessage(JsonTextMessageValidator.java:114)
at com.consol.citrus.validation.json.JsonTextMessageValidator.validateMessage(JsonTextMessageValidator.java:58)
at com.consol.citrus.validation.AbstractMessageValidator.validateMessage(AbstractMessageValidator.java:46)
at com.consol.citrus.actions.ReceiveMessageAction.validateMessage(ReceiveMessageAction.java:279)
at com.consol.citrus.actions.ReceiveMessageAction.doExecute(ReceiveMessageAction.java:168)
at com.consol.citrus.actions.AbstractTestAction.execute(AbstractTestAction.java:59)
at com.consol.citrus.DefaultTestCase.executeAction(DefaultTestCase.java:136)
... 28 more
Caused by: java.lang.IllegalArgumentException: Number of JSON entries not equal for element: '$.', expected '5' but was '0'
at org.springframework.util.Assert.isTrue(Assert.java:121)
at com.consol.citrus.validation.json.JsonTextMessageValidator.validateJson(JsonTextMessageValidator.java:145)
at com.consol.citrus.validation.json.JsonTextMessageValidator.validateMessage(JsonTextMessageValidator.java:102)
... 34 more
... Removed 12 stack frames]]>
    </failure>
  </testcase> <!-- successfulGetPropertiesWithMaterialWood -->
  <testcase classname="autotests.tests.objectManipulation.DuckDeleteTest" name="successfulDeleteDuck" time="0.674"/>
  <testcase classname="autotests.tests.actions.DuckFlyTest" name="successfulFlyWithFixedWings" time="0.782">
    <failure type="com.consol.citrus.exceptions.TestCaseFailedException" message="Failed to validate JSON text:
{&amp;quot;message&amp;quot;:&amp;quot;I can not fly :C&amp;quot;} Values not equal for entry: &amp;apos;message&amp;apos;, expected &amp;apos;I can`t fly&amp;apos; but was &amp;apos;I can not fly :C&amp;apos;">
      <![CDATA[com.consol.citrus.exceptions.TestCaseFailedException: Failed to validate JSON text:
{"message":"I can not fly :C"} Values not equal for entry: 'message', expected 'I can`t fly' but was 'I can not fly :C'
at com.consol.citrus.DefaultTestCase.executeAction(DefaultTestCase.java:143)
at com.consol.citrus.DefaultTestCaseRunner.run(DefaultTestCaseRunner.java:125)
at com.consol.citrus.TestActionRunner.$(TestActionRunner.java:35)
at autotests.clients.DuckActionsClient.validateResponseResource(DuckActionsClient.java:39)
at autotests.tests.actions.DuckFlyTest.successfulFlyWithFixedWings(DuckFlyTest.java:49)
at org.springframework.util.ReflectionUtils.invokeMethod(ReflectionUtils.java:282)
at com.consol.citrus.testng.TestNGHelper.lambda$invokeTestMethod$1(TestNGHelper.java:82)
at com.consol.citrus.common.DefaultTestLoader.lambda$doLoad$1(DefaultTestLoader.java:116)
at java.base/java.util.ArrayList.forEach(ArrayList.java:1541)
at com.consol.citrus.common.DefaultTestLoader.doLoad(DefaultTestLoader.java:116)
at com.consol.citrus.common.DefaultTestLoader.load(DefaultTestLoader.java:94)
at com.consol.citrus.testng.TestNGHelper.invokeTestMethod(TestNGHelper.java:83)
at com.consol.citrus.testng.spring.TestNGCitrusSpringSupport.run(TestNGCitrusSpringSupport.java:185)
at com.consol.citrus.testng.spring.TestNGCitrusSpringSupport.run(TestNGCitrusSpringSupport.java:101)
at java.base/java.util.concurrent.ThreadPoolExecutor.runWorker(ThreadPoolExecutor.java:1128)
at java.base/java.util.concurrent.ThreadPoolExecutor$Worker.run(ThreadPoolExecutor.java:628)
at java.base/java.lang.Thread.run(Thread.java:829)
Caused by: com.consol.citrus.exceptions.ValidationException: Failed to validate JSON text:
{"message":"I can not fly :C"} Values not equal for entry: 'message', expected 'I can`t fly' but was 'I can not fly :C'
at com.consol.citrus.validation.json.JsonTextMessageValidator.validateMessage(JsonTextMessageValidator.java:114)
at com.consol.citrus.validation.json.JsonTextMessageValidator.validateMessage(JsonTextMessageValidator.java:58)
at com.consol.citrus.validation.AbstractMessageValidator.validateMessage(AbstractMessageValidator.java:46)
at com.consol.citrus.actions.ReceiveMessageAction.validateMessage(ReceiveMessageAction.java:279)
at com.consol.citrus.actions.ReceiveMessageAction.doExecute(ReceiveMessageAction.java:168)
at com.consol.citrus.actions.AbstractTestAction.execute(AbstractTestAction.java:59)
at com.consol.citrus.DefaultTestCase.executeAction(DefaultTestCase.java:136)
... 28 more
Caused by: java.lang.IllegalArgumentException: Values not equal for entry: 'message', expected 'I can`t fly' but was 'I can not fly :C'
at org.springframework.util.Assert.isTrue(Assert.java:121)
at com.consol.citrus.validation.json.JsonTextMessageValidator.validateJson(JsonTextMessageValidator.java:211)
at com.consol.citrus.validation.json.JsonTextMessageValidator.validateMessage(JsonTextMessageValidator.java:102)
... 34 more
... Removed 12 stack frames]]>
    </failure>
  </testcase> <!-- successfulFlyWithFixedWings -->
  <testcase classname="autotests.tests.objectManipulation.DuckUpdateTest" name="successfulUpdateDuckWithColorAndHeight" time="0.301"/>
  <testcase classname="autotests.tests.objectManipulation.DuckCreateTest" name="successfulCreateDuckWithMaterialRubber" time="1.009"/>
  <testcase classname="autotests.tests.actions.DuckFlyTest" name="successfulFlyWithUndefinedWings" time="0.319">
    <failure type="com.consol.citrus.exceptions.TestCaseFailedException" message="Validation failed: Values not equal for header element &amp;apos;citrus_http_reason_phrase&amp;apos;, expected &amp;apos;BAD_REQUEST&amp;apos; but was &amp;apos;OK&amp;apos;">
      <![CDATA[com.consol.citrus.exceptions.TestCaseFailedException: Validation failed: Values not equal for header element 'citrus_http_reason_phrase', expected 'BAD_REQUEST' but was 'OK'
at com.consol.citrus.DefaultTestCase.executeAction(DefaultTestCase.java:143)
at com.consol.citrus.DefaultTestCaseRunner.run(DefaultTestCaseRunner.java:125)
at com.consol.citrus.TestActionRunner.$(TestActionRunner.java:35)
at autotests.clients.DuckActionsClient.validateResponseWingsUndefined(DuckActionsClient.java:48)
at autotests.tests.actions.DuckFlyTest.successfulFlyWithUndefinedWings(DuckFlyTest.java:67)
at org.springframework.util.ReflectionUtils.invokeMethod(ReflectionUtils.java:282)
at com.consol.citrus.testng.TestNGHelper.lambda$invokeTestMethod$1(TestNGHelper.java:82)
at com.consol.citrus.common.DefaultTestLoader.lambda$doLoad$1(DefaultTestLoader.java:116)
at java.base/java.util.ArrayList.forEach(ArrayList.java:1541)
at com.consol.citrus.common.DefaultTestLoader.doLoad(DefaultTestLoader.java:116)
at com.consol.citrus.common.DefaultTestLoader.load(DefaultTestLoader.java:94)
at com.consol.citrus.testng.TestNGHelper.invokeTestMethod(TestNGHelper.java:83)
at com.consol.citrus.testng.spring.TestNGCitrusSpringSupport.run(TestNGCitrusSpringSupport.java:185)
at com.consol.citrus.testng.spring.TestNGCitrusSpringSupport.run(TestNGCitrusSpringSupport.java:101)
at java.base/java.util.concurrent.ThreadPoolExecutor.runWorker(ThreadPoolExecutor.java:1128)
at java.base/java.util.concurrent.ThreadPoolExecutor$Worker.run(ThreadPoolExecutor.java:628)
at java.base/java.lang.Thread.run(Thread.java:829)
Caused by: com.consol.citrus.exceptions.ValidationException: Validation failed: Values not equal for header element 'citrus_http_reason_phrase', expected 'BAD_REQUEST' but was 'OK'
at com.consol.citrus.validation.DefaultHeaderValidator.validateHeader(DefaultHeaderValidator.java:79)
at com.consol.citrus.validation.DefaultMessageHeaderValidator.validateMessage(DefaultMessageHeaderValidator.java:101)
at com.consol.citrus.validation.DefaultMessageHeaderValidator.validateMessage(DefaultMessageHeaderValidator.java:44)
at com.consol.citrus.validation.AbstractMessageValidator.validateMessage(AbstractMessageValidator.java:46)
at com.consol.citrus.actions.ReceiveMessageAction.validateMessage(ReceiveMessageAction.java:279)
at com.consol.citrus.actions.ReceiveMessageAction.doExecute(ReceiveMessageAction.java:168)
at com.consol.citrus.actions.AbstractTestAction.execute(AbstractTestAction.java:59)
at com.consol.citrus.DefaultTestCase.executeAction(DefaultTestCase.java:136)
... 28 more
Caused by: java.lang.IllegalArgumentException: Values not equal for header element 'citrus_http_reason_phrase', expected 'BAD_REQUEST' but was 'OK'
at org.springframework.util.Assert.isTrue(Assert.java:121)
at com.consol.citrus.validation.DefaultHeaderValidator.validateHeader(DefaultHeaderValidator.java:66)
... 35 more
... Removed 12 stack frames]]>
    </failure>
  </testcase> <!-- successfulFlyWithUndefinedWings -->
  <testcase classname="autotests.tests.objectManipulation.DuckUpdateTest" name="successfulUpdateDuckWithColorAndSound" time="0.274"/>
  <testcase classname="autotests.tests.objectManipulation.DuckCreateTest" name="successfulCreateDuckWithMaterialWood" time="0.271"/>
  <testcase classname="com.consol.citrus.testng.spring.TestNGCitrusSpringSupport" name="@AfterSuite afterSuite" time="0.0">
    <ignored/>
  </testcase> <!-- @AfterSuite afterSuite -->
  <testcase classname="com.consol.citrus.testng.spring.TestNGCitrusSpringSupport" name="@BeforeSuite beforeSuite" time="0.0">
    <ignored/>
  </testcase> <!-- @BeforeSuite beforeSuite -->
  <testcase classname="com.consol.citrus.testng.spring.TestNGCitrusSpringSupport" name="@BeforeSuite beforeSuite" time="0.0">
    <ignored/>
  </testcase> <!-- @BeforeSuite beforeSuite -->
  <testcase classname="com.consol.citrus.testng.spring.TestNGCitrusSpringSupport" name="@BeforeSuite beforeSuite" time="0.0">
    <ignored/>
  </testcase> <!-- @BeforeSuite beforeSuite -->
  <testcase classname="com.consol.citrus.testng.spring.TestNGCitrusSpringSupport" name="@AfterSuite afterSuite" time="0.0">
    <ignored/>
  </testcase> <!-- @AfterSuite afterSuite -->
  <testcase classname="com.consol.citrus.testng.spring.TestNGCitrusSpringSupport" name="@AfterSuite afterSuite" time="0.0">
    <ignored/>
  </testcase> <!-- @AfterSuite afterSuite -->
  <testcase classname="com.consol.citrus.testng.spring.TestNGCitrusSpringSupport" name="@BeforeSuite beforeSuite" time="0.0">
    <ignored/>
  </testcase> <!-- @BeforeSuite beforeSuite -->
  <testcase classname="com.consol.citrus.testng.spring.TestNGCitrusSpringSupport" name="@BeforeSuite beforeSuite" time="0.0">
    <ignored/>
  </testcase> <!-- @BeforeSuite beforeSuite -->
  <testcase classname="com.consol.citrus.testng.spring.TestNGCitrusSpringSupport" name="@BeforeSuite beforeSuite" time="0.0">
    <ignored/>
  </testcase> <!-- @BeforeSuite beforeSuite -->
  <testcase classname="com.consol.citrus.testng.spring.TestNGCitrusSpringSupport" name="@BeforeSuite beforeSuite" time="0.0">
    <ignored/>
  </testcase> <!-- @BeforeSuite beforeSuite -->
  <testcase classname="com.consol.citrus.testng.spring.TestNGCitrusSpringSupport" name="@BeforeSuite beforeSuite" time="0.0">
    <ignored/>
  </testcase> <!-- @BeforeSuite beforeSuite -->
  <testcase classname="com.consol.citrus.testng.spring.TestNGCitrusSpringSupport" name="@AfterSuite afterSuite" time="0.0">
    <ignored/>
  </testcase> <!-- @AfterSuite afterSuite -->
  <testcase classname="com.consol.citrus.testng.spring.TestNGCitrusSpringSupport" name="@AfterSuite afterSuite" time="0.0">
    <ignored/>
  </testcase> <!-- @AfterSuite afterSuite -->
  <testcase classname="com.consol.citrus.testng.spring.TestNGCitrusSpringSupport" name="@BeforeSuite beforeSuite" time="0.0">
    <ignored/>
  </testcase> <!-- @BeforeSuite beforeSuite -->
  <testcase classname="com.consol.citrus.testng.spring.TestNGCitrusSpringSupport" name="@AfterSuite afterSuite" time="0.0">
    <ignored/>
  </testcase> <!-- @AfterSuite afterSuite -->
  <testcase classname="com.consol.citrus.testng.spring.TestNGCitrusSpringSupport" name="@AfterSuite afterSuite" time="0.0">
    <ignored/>
  </testcase> <!-- @AfterSuite afterSuite -->
  <testcase classname="com.consol.citrus.testng.spring.TestNGCitrusSpringSupport" name="@BeforeSuite beforeSuite" time="0.0">
    <ignored/>
  </testcase> <!-- @BeforeSuite beforeSuite -->
  <testcase classname="com.consol.citrus.testng.spring.TestNGCitrusSpringSupport" name="@AfterSuite afterSuite" time="0.0">
    <ignored/>
  </testcase> <!-- @AfterSuite afterSuite -->
  <testcase classname="com.consol.citrus.testng.spring.TestNGCitrusSpringSupport" name="@AfterSuite afterSuite" time="0.0">
    <ignored/>
  </testcase> <!-- @AfterSuite afterSuite -->
  <testcase classname="com.consol.citrus.testng.spring.TestNGCitrusSpringSupport" name="@AfterSuite afterSuite" time="0.0">
    <ignored/>
  </testcase> <!-- @AfterSuite afterSuite -->
</testsuite> <!-- Gradle test -->
