<html>
<head>
<title>TestNG:  Gradle test</title>
<link href="../testng.css" rel="stylesheet" type="text/css" />
<link href="../my-testng.css" rel="stylesheet" type="text/css" />

<style type="text/css">
.log { display: none;} 
.stack-trace { display: none;} 
</style>
<script type="text/javascript">
<!--
function flip(e) {
  current = e.style.display;
  if (current == 'block') {
    e.style.display = 'none';
    return 0;
  }
  else {
    e.style.display = 'block';
    return 1;
  }
}

function toggleBox(szDivId, elem, msg1, msg2)
{
  var res = -1;  if (document.getElementById) {
    res = flip(document.getElementById(szDivId));
  }
  else if (document.all) {
    // this is the way old msie versions work
    res = flip(document.all[szDivId]);
  }
  if(elem) {
    if(res == 0) elem.innerHTML = msg1; else elem.innerHTML = msg2;
  }

}

function toggleAllBoxes() {
  if (document.getElementsByTagName) {
    d = document.getElementsByTagName('div');
    for (i = 0; i < d.length; i++) {
      if (d[i].className == 'log') {
        flip(d[i]);
      }
    }
  }
}

// -->
</script>

</head>
<body>
<h2 align='center'>Gradle test</h2><table border='1' align="center">
<tr>
<td>Tests passed/Failed/Skipped:</td><td>6/8/0</td>
</tr><tr>
<td>Started on:</td><td>Thu Jan 30 11:47:14 GMT+07:00 2025</td>
</tr>
<tr><td>Total time:</td><td>4 seconds (4102 ms)</td>
</tr><tr>
<td>Included groups:</td><td></td>
</tr><tr>
<td>Excluded groups:</td><td></td>
</tr>
</table><p/>
<small><i>(Hover the method name to see the test class name)</i></small><p/>
<table width='100%' border='1' class='invocation-failed'>
<tr><td colspan='4' align='center'><b>FAILED TESTS</b></td></tr>
<tr><td><b>Test method</b></td>
<td><b>Attribute(s)</b></td>
<td width="30%"><b>Exception</b></td>
<td width="10%"><b>Time (seconds)</b></td>
<td><b>Instance</b></td>
</tr>
<tr>
<td title='autotests.tests.actions.DuckPropertiesTest.successfulGetPropertiesWithMaterialWood()'><b>successfulGetPropertiesWithMaterialWood</b><br>Test class: autotests.tests.actions.DuckPropertiesTest<br>Test method: Получение параметров уточки из материала wood и с четным Id<br>Parameters: null</td>
<td><div><pre>com.consol.citrus.exceptions.TestCaseFailedException: Failed to validate JSON text:
{} Number of JSON entries not equal for element: &apos;$.&apos;, expected &apos;5&apos; but was &apos;0&apos;
	at com.consol.citrus.DefaultTestCase.executeAction(DefaultTestCase.java:143)
	at com.consol.citrus.DefaultTestCaseRunner.run(DefaultTestCaseRunner.java:125)
	at com.consol.citrus.TestActionRunner.$(TestActionRunner.java:35)
	at autotests.clients.DuckActionsClient.validateResponseString(DuckActionsClient.java:30)
	at autotests.tests.actions.DuckPropertiesTest.successfulGetPropertiesWithMaterialWood(DuckPropertiesTest.java:53)
	at org.springframework.util.ReflectionUtils.invokeMethod(ReflectionUtils.java:282)
	at com.consol.citrus.testng.TestNGHelper.lambda$invokeTestMethod$1(TestNGHelper.java:82)
	at com.consol.citrus.common.DefaultTestLoader.lambda$doLoad$1(DefaultTestLoader.java:116)
	at java.base/java.util.ArrayList.forEach(ArrayList.java:1541)
	at com.consol.citrus.common.DefaultTestLoader.doLoad(DefaultTestLoader.java:116)
	at com.consol.citrus.common.DefaultTestLoader.load(DefaultTestLoader.java:94)
	at com.consol.citrus.testng.TestNGHelper.invokeTestMethod(TestNGHelper.java:83)
	at com.consol.citrus.testng.spring.TestNGCitrusSpringSupport.run(TestNGCitrusSpringSupport.java:185)
	at com.consol.citrus.testng.spring.TestNGCitrusSpringSupport.run(TestNGCitrusSpringSupport.java:101)
	at java.base/java.util.concurrent.ThreadPoolExecutor.runWorker(ThreadPoolExecutor.java:1128)
	at java.base/java.util.concurrent.ThreadPoolExecutor$Worker.run(ThreadPoolExecutor.java:628)
	at java.base/java.lang.Thread.run(Thread.java:829)
Caused by: com.consol.citrus.exceptions.ValidationException: Failed to validate JSON text:
{} Number of JSON entries not equal for element: &apos;$.&apos;, expected &apos;5&apos; but was &apos;0&apos;
	at com.consol.citrus.validation.json.JsonTextMessageValidator.validateMessage(JsonTextMessageValidator.java:114)
	at com.consol.citrus.validation.json.JsonTextMessageValidator.validateMessage(JsonTextMessageValidator.java:58)
	at com.consol.citrus.validation.AbstractMessageValidator.validateMessage(AbstractMessageValidator.java:46)
	at com.consol.citrus.actions.ReceiveMessageAction.validateMessage(ReceiveMessageAction.java:279)
	at com.consol.citrus.actions.ReceiveMessageAction.doExecute(ReceiveMessageAction.java:168)
	at com.consol.citrus.actions.AbstractTestAction.execute(AbstractTestAction.java:59)
	at com.consol.citrus.DefaultTestCase.executeAction(DefaultTestCase.java:136)
	... 28 more
Caused by: java.lang.IllegalArgumentException: Number of JSON entries not equal for element: &apos;$.&apos;, expected &apos;5&apos; but was &apos;0&apos;
	at org.springframework.util.Assert.isTrue(Assert.java:121)
	at com.consol.citrus.validation.json.JsonTextMessageValidator.validateJson(JsonTextMessageValidator.java:145)
	at com.consol.citrus.validation.json.JsonTextMessageValidator.validateMessage(JsonTextMessageValidator.java:102)
	... 34 more
... Removed 12 stack frames</pre></div><a href='#' onClick='toggleBox("stack-trace377598867", this, "Click to show all stack frames", "Click to hide stack frames")'>Click to show all stack frames</a>
<div class='stack-trace' id='stack-trace377598867'><pre>com.consol.citrus.exceptions.TestCaseFailedException: Failed to validate JSON text:
{} Number of JSON entries not equal for element: &apos;$.&apos;, expected &apos;5&apos; but was &apos;0&apos;
	at com.consol.citrus.DefaultTestCase.executeAction(DefaultTestCase.java:143)
	at com.consol.citrus.DefaultTestCaseRunner.run(DefaultTestCaseRunner.java:125)
	at com.consol.citrus.TestActionRunner.$(TestActionRunner.java:35)
	at autotests.clients.DuckActionsClient.validateResponseString(DuckActionsClient.java:30)
	at autotests.tests.actions.DuckPropertiesTest.successfulGetPropertiesWithMaterialWood(DuckPropertiesTest.java:53)
	at java.base/jdk.internal.reflect.NativeMethodAccessorImpl.invoke0(Native Method)
	at java.base/jdk.internal.reflect.NativeMethodAccessorImpl.invoke(NativeMethodAccessorImpl.java:62)
	at java.base/jdk.internal.reflect.DelegatingMethodAccessorImpl.invoke(DelegatingMethodAccessorImpl.java:43)
	at java.base/java.lang.reflect.Method.invoke(Method.java:566)
	at org.springframework.util.ReflectionUtils.invokeMethod(ReflectionUtils.java:282)
	at com.consol.citrus.testng.TestNGHelper.lambda$invokeTestMethod$1(TestNGHelper.java:82)
	at com.consol.citrus.common.DefaultTestLoader.lambda$doLoad$1(DefaultTestLoader.java:116)
	at java.base/java.util.ArrayList.forEach(ArrayList.java:1541)
	at com.consol.citrus.common.DefaultTestLoader.doLoad(DefaultTestLoader.java:116)
	at com.consol.citrus.common.DefaultTestLoader.load(DefaultTestLoader.java:94)
	at com.consol.citrus.testng.TestNGHelper.invokeTestMethod(TestNGHelper.java:83)
	at com.consol.citrus.testng.spring.TestNGCitrusSpringSupport.run(TestNGCitrusSpringSupport.java:185)
	at com.consol.citrus.testng.spring.TestNGCitrusSpringSupport.run(TestNGCitrusSpringSupport.java:101)
	at org.testng.internal.invokers.MethodInvocationHelper.invokeHookable(MethodInvocationHelper.java:272)
	at org.testng.internal.invokers.TestInvoker.invokeMethod(TestInvoker.java:669)
	at org.testng.internal.invokers.TestInvoker.invokeTestMethod(TestInvoker.java:221)
	at org.testng.internal.invokers.MethodRunner.runInSequence(MethodRunner.java:50)
	at org.testng.internal.invokers.TestInvoker$MethodInvocationAgent.invoke(TestInvoker.java:969)
	at org.testng.internal.invokers.TestInvoker.invokeTestMethods(TestInvoker.java:194)
	at org.testng.internal.invokers.TestMethodWorker.invokeTestMethods(TestMethodWorker.java:148)
	at org.testng.internal.invokers.TestMethodWorker.run(TestMethodWorker.java:128)
	at java.base/java.util.concurrent.ThreadPoolExecutor.runWorker(ThreadPoolExecutor.java:1128)
	at java.base/java.util.concurrent.ThreadPoolExecutor$Worker.run(ThreadPoolExecutor.java:628)
	at java.base/java.lang.Thread.run(Thread.java:829)
Caused by: com.consol.citrus.exceptions.ValidationException: Failed to validate JSON text:
{} Number of JSON entries not equal for element: &apos;$.&apos;, expected &apos;5&apos; but was &apos;0&apos;
	at com.consol.citrus.validation.json.JsonTextMessageValidator.validateMessage(JsonTextMessageValidator.java:114)
	at com.consol.citrus.validation.json.JsonTextMessageValidator.validateMessage(JsonTextMessageValidator.java:58)
	at com.consol.citrus.validation.AbstractMessageValidator.validateMessage(AbstractMessageValidator.java:46)
	at com.consol.citrus.actions.ReceiveMessageAction.validateMessage(ReceiveMessageAction.java:279)
	at com.consol.citrus.actions.ReceiveMessageAction.doExecute(ReceiveMessageAction.java:168)
	at com.consol.citrus.actions.AbstractTestAction.execute(AbstractTestAction.java:59)
	at com.consol.citrus.DefaultTestCase.executeAction(DefaultTestCase.java:136)
	... 28 more
Caused by: java.lang.IllegalArgumentException: Number of JSON entries not equal for element: &apos;$.&apos;, expected &apos;5&apos; but was &apos;0&apos;
	at org.springframework.util.Assert.isTrue(Assert.java:121)
	at com.consol.citrus.validation.json.JsonTextMessageValidator.validateJson(JsonTextMessageValidator.java:145)
	at com.consol.citrus.validation.json.JsonTextMessageValidator.validateMessage(JsonTextMessageValidator.java:102)
	... 34 more
</pre></div></td>
<td>0</td>
<td>autotests.tests.actions.DuckPropertiesTest@40de8f93</td></tr>
<tr>
<td title='autotests.tests.actions.DuckSwimTest.successfulSwimWithExistingId()'><b>successfulSwimWithExistingId</b><br>Test class: autotests.tests.actions.DuckSwimTest<br>Test method: Проверка может ли уточка с существующим Id плавать<br>Parameters: null</td>
<td><div><pre>com.consol.citrus.exceptions.TestCaseFailedException: Validation failed: Values not equal for header element &apos;citrus_http_reason_phrase&apos;, expected &apos;OK&apos; but was &apos;NOT_FOUND&apos;
	at com.consol.citrus.DefaultTestCase.executeAction(DefaultTestCase.java:143)
	at com.consol.citrus.DefaultTestCaseRunner.run(DefaultTestCaseRunner.java:125)
	at com.consol.citrus.TestActionRunner.$(TestActionRunner.java:35)
	at autotests.clients.DuckActionsClient.validateResponseString(DuckActionsClient.java:30)
	at autotests.tests.actions.DuckSwimTest.successfulSwimWithExistingId(DuckSwimTest.java:32)
	at org.springframework.util.ReflectionUtils.invokeMethod(ReflectionUtils.java:282)
	at com.consol.citrus.testng.TestNGHelper.lambda$invokeTestMethod$1(TestNGHelper.java:82)
	at com.consol.citrus.common.DefaultTestLoader.lambda$doLoad$1(DefaultTestLoader.java:116)
	at java.base/java.util.ArrayList.forEach(ArrayList.java:1541)
	at com.consol.citrus.common.DefaultTestLoader.doLoad(DefaultTestLoader.java:116)
	at com.consol.citrus.common.DefaultTestLoader.load(DefaultTestLoader.java:94)
	at com.consol.citrus.testng.TestNGHelper.invokeTestMethod(TestNGHelper.java:83)
	at com.consol.citrus.testng.spring.TestNGCitrusSpringSupport.run(TestNGCitrusSpringSupport.java:185)
	at com.consol.citrus.testng.spring.TestNGCitrusSpringSupport.run(TestNGCitrusSpringSupport.java:101)
	at java.base/java.util.concurrent.ThreadPoolExecutor.runWorker(ThreadPoolExecutor.java:1128)
	at java.base/java.util.concurrent.ThreadPoolExecutor$Worker.run(ThreadPoolExecutor.java:628)
	at java.base/java.lang.Thread.run(Thread.java:829)
Caused by: com.consol.citrus.exceptions.ValidationException: Validation failed: Values not equal for header element &apos;citrus_http_reason_phrase&apos;, expected &apos;OK&apos; but was &apos;NOT_FOUND&apos;
	at com.consol.citrus.validation.DefaultHeaderValidator.validateHeader(DefaultHeaderValidator.java:79)
	at com.consol.citrus.validation.DefaultMessageHeaderValidator.validateMessage(DefaultMessageHeaderValidator.java:101)
	at com.consol.citrus.validation.DefaultMessageHeaderValidator.validateMessage(DefaultMessageHeaderValidator.java:44)
	at com.consol.citrus.validation.AbstractMessageValidator.validateMessage(AbstractMessageValidator.java:46)
	at com.consol.citrus.actions.ReceiveMessageAction.validateMessage(ReceiveMessageAction.java:279)
	at com.consol.citrus.actions.ReceiveMessageAction.doExecute(ReceiveMessageAction.java:168)
	at com.consol.citrus.actions.AbstractTestAction.execute(AbstractTestAction.java:59)
	at com.consol.citrus.DefaultTestCase.executeAction(DefaultTestCase.java:136)
	... 28 more
Caused by: java.lang.IllegalArgumentException: Values not equal for header element &apos;citrus_http_reason_phrase&apos;, expected &apos;OK&apos; but was &apos;NOT_FOUND&apos;
	at org.springframework.util.Assert.isTrue(Assert.java:121)
	at com.consol.citrus.validation.DefaultHeaderValidator.validateHeader(DefaultHeaderValidator.java:66)
	... 35 more
... Removed 12 stack frames</pre></div><a href='#' onClick='toggleBox("stack-trace989594217", this, "Click to show all stack frames", "Click to hide stack frames")'>Click to show all stack frames</a>
<div class='stack-trace' id='stack-trace989594217'><pre>com.consol.citrus.exceptions.TestCaseFailedException: Validation failed: Values not equal for header element &apos;citrus_http_reason_phrase&apos;, expected &apos;OK&apos; but was &apos;NOT_FOUND&apos;
	at com.consol.citrus.DefaultTestCase.executeAction(DefaultTestCase.java:143)
	at com.consol.citrus.DefaultTestCaseRunner.run(DefaultTestCaseRunner.java:125)
	at com.consol.citrus.TestActionRunner.$(TestActionRunner.java:35)
	at autotests.clients.DuckActionsClient.validateResponseString(DuckActionsClient.java:30)
	at autotests.tests.actions.DuckSwimTest.successfulSwimWithExistingId(DuckSwimTest.java:32)
	at java.base/jdk.internal.reflect.NativeMethodAccessorImpl.invoke0(Native Method)
	at java.base/jdk.internal.reflect.NativeMethodAccessorImpl.invoke(NativeMethodAccessorImpl.java:62)
	at java.base/jdk.internal.reflect.DelegatingMethodAccessorImpl.invoke(DelegatingMethodAccessorImpl.java:43)
	at java.base/java.lang.reflect.Method.invoke(Method.java:566)
	at org.springframework.util.ReflectionUtils.invokeMethod(ReflectionUtils.java:282)
	at com.consol.citrus.testng.TestNGHelper.lambda$invokeTestMethod$1(TestNGHelper.java:82)
	at com.consol.citrus.common.DefaultTestLoader.lambda$doLoad$1(DefaultTestLoader.java:116)
	at java.base/java.util.ArrayList.forEach(ArrayList.java:1541)
	at com.consol.citrus.common.DefaultTestLoader.doLoad(DefaultTestLoader.java:116)
	at com.consol.citrus.common.DefaultTestLoader.load(DefaultTestLoader.java:94)
	at com.consol.citrus.testng.TestNGHelper.invokeTestMethod(TestNGHelper.java:83)
	at com.consol.citrus.testng.spring.TestNGCitrusSpringSupport.run(TestNGCitrusSpringSupport.java:185)
	at com.consol.citrus.testng.spring.TestNGCitrusSpringSupport.run(TestNGCitrusSpringSupport.java:101)
	at org.testng.internal.invokers.MethodInvocationHelper.invokeHookable(MethodInvocationHelper.java:272)
	at org.testng.internal.invokers.TestInvoker.invokeMethod(TestInvoker.java:669)
	at org.testng.internal.invokers.TestInvoker.invokeTestMethod(TestInvoker.java:221)
	at org.testng.internal.invokers.MethodRunner.runInSequence(MethodRunner.java:50)
	at org.testng.internal.invokers.TestInvoker$MethodInvocationAgent.invoke(TestInvoker.java:969)
	at org.testng.internal.invokers.TestInvoker.invokeTestMethods(TestInvoker.java:194)
	at org.testng.internal.invokers.TestMethodWorker.invokeTestMethods(TestMethodWorker.java:148)
	at org.testng.internal.invokers.TestMethodWorker.run(TestMethodWorker.java:128)
	at java.base/java.util.concurrent.ThreadPoolExecutor.runWorker(ThreadPoolExecutor.java:1128)
	at java.base/java.util.concurrent.ThreadPoolExecutor$Worker.run(ThreadPoolExecutor.java:628)
	at java.base/java.lang.Thread.run(Thread.java:829)
Caused by: com.consol.citrus.exceptions.ValidationException: Validation failed: Values not equal for header element &apos;citrus_http_reason_phrase&apos;, expected &apos;OK&apos; but was &apos;NOT_FOUND&apos;
	at com.consol.citrus.validation.DefaultHeaderValidator.validateHeader(DefaultHeaderValidator.java:79)
	at com.consol.citrus.validation.DefaultMessageHeaderValidator.validateMessage(DefaultMessageHeaderValidator.java:101)
	at com.consol.citrus.validation.DefaultMessageHeaderValidator.validateMessage(DefaultMessageHeaderValidator.java:44)
	at com.consol.citrus.validation.AbstractMessageValidator.validateMessage(AbstractMessageValidator.java:46)
	at com.consol.citrus.actions.ReceiveMessageAction.validateMessage(ReceiveMessageAction.java:279)
	at com.consol.citrus.actions.ReceiveMessageAction.doExecute(ReceiveMessageAction.java:168)
	at com.consol.citrus.actions.AbstractTestAction.execute(AbstractTestAction.java:59)
	at com.consol.citrus.DefaultTestCase.executeAction(DefaultTestCase.java:136)
	... 28 more
Caused by: java.lang.IllegalArgumentException: Values not equal for header element &apos;citrus_http_reason_phrase&apos;, expected &apos;OK&apos; but was &apos;NOT_FOUND&apos;
	at org.springframework.util.Assert.isTrue(Assert.java:121)
	at com.consol.citrus.validation.DefaultHeaderValidator.validateHeader(DefaultHeaderValidator.java:66)
	... 35 more
</pre></div></td>
<td>1</td>
<td>autotests.tests.actions.DuckSwimTest@1163a27</td></tr>
<tr>
<td title='autotests.tests.actions.DuckSwimTest.unsuccessfulSwimWithNotExistingId()'><b>unsuccessfulSwimWithNotExistingId</b><br>Test class: autotests.tests.actions.DuckSwimTest<br>Test method: Проверка может ли уточка с не существующим Id плавать<br>Parameters: null</td>
<td><div><pre>com.consol.citrus.exceptions.TestCaseFailedException: Failed to validate JSON text:
{&quot;message&quot;:&quot;Paws are not found ((((&quot;} Values not equal for entry: &apos;message&apos;, expected &apos;Duck with id = 0 is not found&apos; but was &apos;Paws are not found ((((&apos;
	at com.consol.citrus.DefaultTestCase.executeAction(DefaultTestCase.java:143)
	at com.consol.citrus.DefaultTestCaseRunner.run(DefaultTestCaseRunner.java:125)
	at com.consol.citrus.TestActionRunner.$(TestActionRunner.java:35)
	at autotests.clients.DuckActionsClient.validateResponseWithNotExistingId(DuckActionsClient.java:57)
	at autotests.tests.actions.DuckSwimTest.unsuccessfulSwimWithNotExistingId(DuckSwimTest.java:42)
	at org.springframework.util.ReflectionUtils.invokeMethod(ReflectionUtils.java:282)
	at com.consol.citrus.testng.TestNGHelper.lambda$invokeTestMethod$1(TestNGHelper.java:82)
	at com.consol.citrus.common.DefaultTestLoader.lambda$doLoad$1(DefaultTestLoader.java:116)
	at java.base/java.util.ArrayList.forEach(ArrayList.java:1541)
	at com.consol.citrus.common.DefaultTestLoader.doLoad(DefaultTestLoader.java:116)
	at com.consol.citrus.common.DefaultTestLoader.load(DefaultTestLoader.java:94)
	at com.consol.citrus.testng.TestNGHelper.invokeTestMethod(TestNGHelper.java:83)
	at com.consol.citrus.testng.spring.TestNGCitrusSpringSupport.run(TestNGCitrusSpringSupport.java:185)
	at com.consol.citrus.testng.spring.TestNGCitrusSpringSupport.run(TestNGCitrusSpringSupport.java:101)
	at java.base/java.util.concurrent.ThreadPoolExecutor.runWorker(ThreadPoolExecutor.java:1128)
	at java.base/java.util.concurrent.ThreadPoolExecutor$Worker.run(ThreadPoolExecutor.java:628)
	at java.base/java.lang.Thread.run(Thread.java:829)
Caused by: com.consol.citrus.exceptions.ValidationException: Failed to validate JSON text:
{&quot;message&quot;:&quot;Paws are not found ((((&quot;} Values not equal for entry: &apos;message&apos;, expected &apos;Duck with id = 0 is not found&apos; but was &apos;Paws are not found ((((&apos;
	at com.consol.citrus.validation.json.JsonTextMessageValidator.validateMessage(JsonTextMessageValidator.java:114)
	at com.consol.citrus.validation.json.JsonTextMessageValidator.validateMessage(JsonTextMessageValidator.java:58)
	at com.consol.citrus.validation.AbstractMessageValidator.validateMessage(AbstractMessageValidator.java:46)
	at com.consol.citrus.actions.ReceiveMessageAction.validateMessage(ReceiveMessageAction.java:279)
	at com.consol.citrus.actions.ReceiveMessageAction.doExecute(ReceiveMessageAction.java:168)
	at com.consol.citrus.actions.AbstractTestAction.execute(AbstractTestAction.java:59)
	at com.consol.citrus.DefaultTestCase.executeAction(DefaultTestCase.java:136)
	... 28 more
Caused by: java.lang.IllegalArgumentException: Values not equal for entry: &apos;message&apos;, expected &apos;Duck with id = 0 is not found&apos; but was &apos;Paws are not found ((((&apos;
	at org.springframework.util.Assert.isTrue(Assert.java:121)
	at com.consol.citrus.validation.json.JsonTextMessageValidator.validateJson(JsonTextMessageValidator.java:211)
	at com.consol.citrus.validation.json.JsonTextMessageValidator.validateMessage(JsonTextMessageValidator.java:102)
	... 34 more
... Removed 12 stack frames</pre></div><a href='#' onClick='toggleBox("stack-trace765685318", this, "Click to show all stack frames", "Click to hide stack frames")'>Click to show all stack frames</a>
<div class='stack-trace' id='stack-trace765685318'><pre>com.consol.citrus.exceptions.TestCaseFailedException: Failed to validate JSON text:
{&quot;message&quot;:&quot;Paws are not found ((((&quot;} Values not equal for entry: &apos;message&apos;, expected &apos;Duck with id = 0 is not found&apos; but was &apos;Paws are not found ((((&apos;
	at com.consol.citrus.DefaultTestCase.executeAction(DefaultTestCase.java:143)
	at com.consol.citrus.DefaultTestCaseRunner.run(DefaultTestCaseRunner.java:125)
	at com.consol.citrus.TestActionRunner.$(TestActionRunner.java:35)
	at autotests.clients.DuckActionsClient.validateResponseWithNotExistingId(DuckActionsClient.java:57)
	at autotests.tests.actions.DuckSwimTest.unsuccessfulSwimWithNotExistingId(DuckSwimTest.java:42)
	at java.base/jdk.internal.reflect.NativeMethodAccessorImpl.invoke0(Native Method)
	at java.base/jdk.internal.reflect.NativeMethodAccessorImpl.invoke(NativeMethodAccessorImpl.java:62)
	at java.base/jdk.internal.reflect.DelegatingMethodAccessorImpl.invoke(DelegatingMethodAccessorImpl.java:43)
	at java.base/java.lang.reflect.Method.invoke(Method.java:566)
	at org.springframework.util.ReflectionUtils.invokeMethod(ReflectionUtils.java:282)
	at com.consol.citrus.testng.TestNGHelper.lambda$invokeTestMethod$1(TestNGHelper.java:82)
	at com.consol.citrus.common.DefaultTestLoader.lambda$doLoad$1(DefaultTestLoader.java:116)
	at java.base/java.util.ArrayList.forEach(ArrayList.java:1541)
	at com.consol.citrus.common.DefaultTestLoader.doLoad(DefaultTestLoader.java:116)
	at com.consol.citrus.common.DefaultTestLoader.load(DefaultTestLoader.java:94)
	at com.consol.citrus.testng.TestNGHelper.invokeTestMethod(TestNGHelper.java:83)
	at com.consol.citrus.testng.spring.TestNGCitrusSpringSupport.run(TestNGCitrusSpringSupport.java:185)
	at com.consol.citrus.testng.spring.TestNGCitrusSpringSupport.run(TestNGCitrusSpringSupport.java:101)
	at org.testng.internal.invokers.MethodInvocationHelper.invokeHookable(MethodInvocationHelper.java:272)
	at org.testng.internal.invokers.TestInvoker.invokeMethod(TestInvoker.java:669)
	at org.testng.internal.invokers.TestInvoker.invokeTestMethod(TestInvoker.java:221)
	at org.testng.internal.invokers.MethodRunner.runInSequence(MethodRunner.java:50)
	at org.testng.internal.invokers.TestInvoker$MethodInvocationAgent.invoke(TestInvoker.java:969)
	at org.testng.internal.invokers.TestInvoker.invokeTestMethods(TestInvoker.java:194)
	at org.testng.internal.invokers.TestMethodWorker.invokeTestMethods(TestMethodWorker.java:148)
	at org.testng.internal.invokers.TestMethodWorker.run(TestMethodWorker.java:128)
	at java.base/java.util.concurrent.ThreadPoolExecutor.runWorker(ThreadPoolExecutor.java:1128)
	at java.base/java.util.concurrent.ThreadPoolExecutor$Worker.run(ThreadPoolExecutor.java:628)
	at java.base/java.lang.Thread.run(Thread.java:829)
Caused by: com.consol.citrus.exceptions.ValidationException: Failed to validate JSON text:
{&quot;message&quot;:&quot;Paws are not found ((((&quot;} Values not equal for entry: &apos;message&apos;, expected &apos;Duck with id = 0 is not found&apos; but was &apos;Paws are not found ((((&apos;
	at com.consol.citrus.validation.json.JsonTextMessageValidator.validateMessage(JsonTextMessageValidator.java:114)
	at com.consol.citrus.validation.json.JsonTextMessageValidator.validateMessage(JsonTextMessageValidator.java:58)
	at com.consol.citrus.validation.AbstractMessageValidator.validateMessage(AbstractMessageValidator.java:46)
	at com.consol.citrus.actions.ReceiveMessageAction.validateMessage(ReceiveMessageAction.java:279)
	at com.consol.citrus.actions.ReceiveMessageAction.doExecute(ReceiveMessageAction.java:168)
	at com.consol.citrus.actions.AbstractTestAction.execute(AbstractTestAction.java:59)
	at com.consol.citrus.DefaultTestCase.executeAction(DefaultTestCase.java:136)
	... 28 more
Caused by: java.lang.IllegalArgumentException: Values not equal for entry: &apos;message&apos;, expected &apos;Duck with id = 0 is not found&apos; but was &apos;Paws are not found ((((&apos;
	at org.springframework.util.Assert.isTrue(Assert.java:121)
	at com.consol.citrus.validation.json.JsonTextMessageValidator.validateJson(JsonTextMessageValidator.java:211)
	at com.consol.citrus.validation.json.JsonTextMessageValidator.validateMessage(JsonTextMessageValidator.java:102)
	... 34 more
</pre></div></td>
<td>0</td>
<td>autotests.tests.actions.DuckSwimTest@1163a27</td></tr>
<tr>
<td title='autotests.tests.actions.DuckFlyTest.successfulFlyWithActiveWings()'><b>successfulFlyWithActiveWings</b><br>Test class: autotests.tests.actions.DuckFlyTest<br>Test method: Проверка полета уточки в состоянии крыльев ACTIVE<br>Parameters: null</td>
<td><div><pre>com.consol.citrus.exceptions.TestCaseFailedException: Failed to validate JSON text:
{&quot;message&quot;:&quot;I am flying :)&quot;} Values not equal for entry: &apos;message&apos;, expected &apos;I`m flying&apos; but was &apos;I am flying :)&apos;
	at com.consol.citrus.DefaultTestCase.executeAction(DefaultTestCase.java:143)
	at com.consol.citrus.DefaultTestCaseRunner.run(DefaultTestCaseRunner.java:125)
	at com.consol.citrus.TestActionRunner.$(TestActionRunner.java:35)
	at autotests.clients.DuckActionsClient.validateResponseString(DuckActionsClient.java:30)
	at autotests.tests.actions.DuckFlyTest.successfulFlyWithActiveWings(DuckFlyTest.java:33)
	at org.springframework.util.ReflectionUtils.invokeMethod(ReflectionUtils.java:282)
	at com.consol.citrus.testng.TestNGHelper.lambda$invokeTestMethod$1(TestNGHelper.java:82)
	at com.consol.citrus.common.DefaultTestLoader.lambda$doLoad$1(DefaultTestLoader.java:116)
	at java.base/java.util.ArrayList.forEach(ArrayList.java:1541)
	at com.consol.citrus.common.DefaultTestLoader.doLoad(DefaultTestLoader.java:116)
	at com.consol.citrus.common.DefaultTestLoader.load(DefaultTestLoader.java:94)
	at com.consol.citrus.testng.TestNGHelper.invokeTestMethod(TestNGHelper.java:83)
	at com.consol.citrus.testng.spring.TestNGCitrusSpringSupport.run(TestNGCitrusSpringSupport.java:185)
	at com.consol.citrus.testng.spring.TestNGCitrusSpringSupport.run(TestNGCitrusSpringSupport.java:101)
	at java.base/java.util.concurrent.ThreadPoolExecutor.runWorker(ThreadPoolExecutor.java:1128)
	at java.base/java.util.concurrent.ThreadPoolExecutor$Worker.run(ThreadPoolExecutor.java:628)
	at java.base/java.lang.Thread.run(Thread.java:829)
Caused by: com.consol.citrus.exceptions.ValidationException: Failed to validate JSON text:
{&quot;message&quot;:&quot;I am flying :)&quot;} Values not equal for entry: &apos;message&apos;, expected &apos;I`m flying&apos; but was &apos;I am flying :)&apos;
	at com.consol.citrus.validation.json.JsonTextMessageValidator.validateMessage(JsonTextMessageValidator.java:114)
	at com.consol.citrus.validation.json.JsonTextMessageValidator.validateMessage(JsonTextMessageValidator.java:58)
	at com.consol.citrus.validation.AbstractMessageValidator.validateMessage(AbstractMessageValidator.java:46)
	at com.consol.citrus.actions.ReceiveMessageAction.validateMessage(ReceiveMessageAction.java:279)
	at com.consol.citrus.actions.ReceiveMessageAction.doExecute(ReceiveMessageAction.java:168)
	at com.consol.citrus.actions.AbstractTestAction.execute(AbstractTestAction.java:59)
	at com.consol.citrus.DefaultTestCase.executeAction(DefaultTestCase.java:136)
	... 28 more
Caused by: java.lang.IllegalArgumentException: Values not equal for entry: &apos;message&apos;, expected &apos;I`m flying&apos; but was &apos;I am flying :)&apos;
	at org.springframework.util.Assert.isTrue(Assert.java:121)
	at com.consol.citrus.validation.json.JsonTextMessageValidator.validateJson(JsonTextMessageValidator.java:211)
	at com.consol.citrus.validation.json.JsonTextMessageValidator.validateMessage(JsonTextMessageValidator.java:102)
	... 34 more
... Removed 12 stack frames</pre></div><a href='#' onClick='toggleBox("stack-trace2110185715", this, "Click to show all stack frames", "Click to hide stack frames")'>Click to show all stack frames</a>
<div class='stack-trace' id='stack-trace2110185715'><pre>com.consol.citrus.exceptions.TestCaseFailedException: Failed to validate JSON text:
{&quot;message&quot;:&quot;I am flying :)&quot;} Values not equal for entry: &apos;message&apos;, expected &apos;I`m flying&apos; but was &apos;I am flying :)&apos;
	at com.consol.citrus.DefaultTestCase.executeAction(DefaultTestCase.java:143)
	at com.consol.citrus.DefaultTestCaseRunner.run(DefaultTestCaseRunner.java:125)
	at com.consol.citrus.TestActionRunner.$(TestActionRunner.java:35)
	at autotests.clients.DuckActionsClient.validateResponseString(DuckActionsClient.java:30)
	at autotests.tests.actions.DuckFlyTest.successfulFlyWithActiveWings(DuckFlyTest.java:33)
	at java.base/jdk.internal.reflect.NativeMethodAccessorImpl.invoke0(Native Method)
	at java.base/jdk.internal.reflect.NativeMethodAccessorImpl.invoke(NativeMethodAccessorImpl.java:62)
	at java.base/jdk.internal.reflect.DelegatingMethodAccessorImpl.invoke(DelegatingMethodAccessorImpl.java:43)
	at java.base/java.lang.reflect.Method.invoke(Method.java:566)
	at org.springframework.util.ReflectionUtils.invokeMethod(ReflectionUtils.java:282)
	at com.consol.citrus.testng.TestNGHelper.lambda$invokeTestMethod$1(TestNGHelper.java:82)
	at com.consol.citrus.common.DefaultTestLoader.lambda$doLoad$1(DefaultTestLoader.java:116)
	at java.base/java.util.ArrayList.forEach(ArrayList.java:1541)
	at com.consol.citrus.common.DefaultTestLoader.doLoad(DefaultTestLoader.java:116)
	at com.consol.citrus.common.DefaultTestLoader.load(DefaultTestLoader.java:94)
	at com.consol.citrus.testng.TestNGHelper.invokeTestMethod(TestNGHelper.java:83)
	at com.consol.citrus.testng.spring.TestNGCitrusSpringSupport.run(TestNGCitrusSpringSupport.java:185)
	at com.consol.citrus.testng.spring.TestNGCitrusSpringSupport.run(TestNGCitrusSpringSupport.java:101)
	at org.testng.internal.invokers.MethodInvocationHelper.invokeHookable(MethodInvocationHelper.java:272)
	at org.testng.internal.invokers.TestInvoker.invokeMethod(TestInvoker.java:669)
	at org.testng.internal.invokers.TestInvoker.invokeTestMethod(TestInvoker.java:221)
	at org.testng.internal.invokers.MethodRunner.runInSequence(MethodRunner.java:50)
	at org.testng.internal.invokers.TestInvoker$MethodInvocationAgent.invoke(TestInvoker.java:969)
	at org.testng.internal.invokers.TestInvoker.invokeTestMethods(TestInvoker.java:194)
	at org.testng.internal.invokers.TestMethodWorker.invokeTestMethods(TestMethodWorker.java:148)
	at org.testng.internal.invokers.TestMethodWorker.run(TestMethodWorker.java:128)
	at java.base/java.util.concurrent.ThreadPoolExecutor.runWorker(ThreadPoolExecutor.java:1128)
	at java.base/java.util.concurrent.ThreadPoolExecutor$Worker.run(ThreadPoolExecutor.java:628)
	at java.base/java.lang.Thread.run(Thread.java:829)
Caused by: com.consol.citrus.exceptions.ValidationException: Failed to validate JSON text:
{&quot;message&quot;:&quot;I am flying :)&quot;} Values not equal for entry: &apos;message&apos;, expected &apos;I`m flying&apos; but was &apos;I am flying :)&apos;
	at com.consol.citrus.validation.json.JsonTextMessageValidator.validateMessage(JsonTextMessageValidator.java:114)
	at com.consol.citrus.validation.json.JsonTextMessageValidator.validateMessage(JsonTextMessageValidator.java:58)
	at com.consol.citrus.validation.AbstractMessageValidator.validateMessage(AbstractMessageValidator.java:46)
	at com.consol.citrus.actions.ReceiveMessageAction.validateMessage(ReceiveMessageAction.java:279)
	at com.consol.citrus.actions.ReceiveMessageAction.doExecute(ReceiveMessageAction.java:168)
	at com.consol.citrus.actions.AbstractTestAction.execute(AbstractTestAction.java:59)
	at com.consol.citrus.DefaultTestCase.executeAction(DefaultTestCase.java:136)
	... 28 more
Caused by: java.lang.IllegalArgumentException: Values not equal for entry: &apos;message&apos;, expected &apos;I`m flying&apos; but was &apos;I am flying :)&apos;
	at org.springframework.util.Assert.isTrue(Assert.java:121)
	at com.consol.citrus.validation.json.JsonTextMessageValidator.validateJson(JsonTextMessageValidator.java:211)
	at com.consol.citrus.validation.json.JsonTextMessageValidator.validateMessage(JsonTextMessageValidator.java:102)
	... 34 more
</pre></div></td>
<td>2</td>
<td>autotests.tests.actions.DuckFlyTest@4f654cee</td></tr>
<tr>
<td title='autotests.tests.actions.DuckQuackTest.successfulQuackWithEvenId()'><b>successfulQuackWithEvenId</b><br>Test class: autotests.tests.actions.DuckQuackTest<br>Test method: Проверка кряканья уточки с корректным четным Id<br>Parameters: null</td>
<td><div><pre>com.consol.citrus.exceptions.TestCaseFailedException: Failed to validate JSON text:
{&quot;sound&quot;:&quot;moo-moo-moo, moo-moo-moo&quot;} Values not equal for entry: &apos;sound&apos;, expected &apos;quack-quack-quack, quack-quack-quack&apos; but was &apos;moo-moo-moo, moo-moo-moo&apos;
	at com.consol.citrus.DefaultTestCase.executeAction(DefaultTestCase.java:143)
	at com.consol.citrus.DefaultTestCaseRunner.run(DefaultTestCaseRunner.java:125)
	at com.consol.citrus.TestActionRunner.$(TestActionRunner.java:35)
	at autotests.clients.DuckActionsClient.validateResponseResource(DuckActionsClient.java:39)
	at autotests.tests.actions.DuckQuackTest.successfulQuackWithEvenId(DuckQuackTest.java:47)
	at org.springframework.util.ReflectionUtils.invokeMethod(ReflectionUtils.java:282)
	at com.consol.citrus.testng.TestNGHelper.lambda$invokeTestMethod$1(TestNGHelper.java:82)
	at com.consol.citrus.common.DefaultTestLoader.lambda$doLoad$1(DefaultTestLoader.java:116)
	at java.base/java.util.ArrayList.forEach(ArrayList.java:1541)
	at com.consol.citrus.common.DefaultTestLoader.doLoad(DefaultTestLoader.java:116)
	at com.consol.citrus.common.DefaultTestLoader.load(DefaultTestLoader.java:94)
	at com.consol.citrus.testng.TestNGHelper.invokeTestMethod(TestNGHelper.java:83)
	at com.consol.citrus.testng.spring.TestNGCitrusSpringSupport.run(TestNGCitrusSpringSupport.java:185)
	at com.consol.citrus.testng.spring.TestNGCitrusSpringSupport.run(TestNGCitrusSpringSupport.java:101)
	at java.base/java.util.concurrent.ThreadPoolExecutor.runWorker(ThreadPoolExecutor.java:1128)
	at java.base/java.util.concurrent.ThreadPoolExecutor$Worker.run(ThreadPoolExecutor.java:628)
	at java.base/java.lang.Thread.run(Thread.java:829)
Caused by: com.consol.citrus.exceptions.ValidationException: Failed to validate JSON text:
{&quot;sound&quot;:&quot;moo-moo-moo, moo-moo-moo&quot;} Values not equal for entry: &apos;sound&apos;, expected &apos;quack-quack-quack, quack-quack-quack&apos; but was &apos;moo-moo-moo, moo-moo-moo&apos;
	at com.consol.citrus.validation.json.JsonTextMessageValidator.validateMessage(JsonTextMessageValidator.java:114)
	at com.consol.citrus.validation.json.JsonTextMessageValidator.validateMessage(JsonTextMessageValidator.java:58)
	at com.consol.citrus.validation.AbstractMessageValidator.validateMessage(AbstractMessageValidator.java:46)
	at com.consol.citrus.actions.ReceiveMessageAction.validateMessage(ReceiveMessageAction.java:279)
	at com.consol.citrus.actions.ReceiveMessageAction.doExecute(ReceiveMessageAction.java:168)
	at com.consol.citrus.actions.AbstractTestAction.execute(AbstractTestAction.java:59)
	at com.consol.citrus.DefaultTestCase.executeAction(DefaultTestCase.java:136)
	... 28 more
Caused by: java.lang.IllegalArgumentException: Values not equal for entry: &apos;sound&apos;, expected &apos;quack-quack-quack, quack-quack-quack&apos; but was &apos;moo-moo-moo, moo-moo-moo&apos;
	at org.springframework.util.Assert.isTrue(Assert.java:121)
	at com.consol.citrus.validation.json.JsonTextMessageValidator.validateJson(JsonTextMessageValidator.java:211)
	at com.consol.citrus.validation.json.JsonTextMessageValidator.validateMessage(JsonTextMessageValidator.java:102)
	... 34 more
... Removed 12 stack frames</pre></div><a href='#' onClick='toggleBox("stack-trace648892714", this, "Click to show all stack frames", "Click to hide stack frames")'>Click to show all stack frames</a>
<div class='stack-trace' id='stack-trace648892714'><pre>com.consol.citrus.exceptions.TestCaseFailedException: Failed to validate JSON text:
{&quot;sound&quot;:&quot;moo-moo-moo, moo-moo-moo&quot;} Values not equal for entry: &apos;sound&apos;, expected &apos;quack-quack-quack, quack-quack-quack&apos; but was &apos;moo-moo-moo, moo-moo-moo&apos;
	at com.consol.citrus.DefaultTestCase.executeAction(DefaultTestCase.java:143)
	at com.consol.citrus.DefaultTestCaseRunner.run(DefaultTestCaseRunner.java:125)
	at com.consol.citrus.TestActionRunner.$(TestActionRunner.java:35)
	at autotests.clients.DuckActionsClient.validateResponseResource(DuckActionsClient.java:39)
	at autotests.tests.actions.DuckQuackTest.successfulQuackWithEvenId(DuckQuackTest.java:47)
	at java.base/jdk.internal.reflect.NativeMethodAccessorImpl.invoke0(Native Method)
	at java.base/jdk.internal.reflect.NativeMethodAccessorImpl.invoke(NativeMethodAccessorImpl.java:62)
	at java.base/jdk.internal.reflect.DelegatingMethodAccessorImpl.invoke(DelegatingMethodAccessorImpl.java:43)
	at java.base/java.lang.reflect.Method.invoke(Method.java:566)
	at org.springframework.util.ReflectionUtils.invokeMethod(ReflectionUtils.java:282)
	at com.consol.citrus.testng.TestNGHelper.lambda$invokeTestMethod$1(TestNGHelper.java:82)
	at com.consol.citrus.common.DefaultTestLoader.lambda$doLoad$1(DefaultTestLoader.java:116)
	at java.base/java.util.ArrayList.forEach(ArrayList.java:1541)
	at com.consol.citrus.common.DefaultTestLoader.doLoad(DefaultTestLoader.java:116)
	at com.consol.citrus.common.DefaultTestLoader.load(DefaultTestLoader.java:94)
	at com.consol.citrus.testng.TestNGHelper.invokeTestMethod(TestNGHelper.java:83)
	at com.consol.citrus.testng.spring.TestNGCitrusSpringSupport.run(TestNGCitrusSpringSupport.java:185)
	at com.consol.citrus.testng.spring.TestNGCitrusSpringSupport.run(TestNGCitrusSpringSupport.java:101)
	at org.testng.internal.invokers.MethodInvocationHelper.invokeHookable(MethodInvocationHelper.java:272)
	at org.testng.internal.invokers.TestInvoker.invokeMethod(TestInvoker.java:669)
	at org.testng.internal.invokers.TestInvoker.invokeTestMethod(TestInvoker.java:221)
	at org.testng.internal.invokers.MethodRunner.runInSequence(MethodRunner.java:50)
	at org.testng.internal.invokers.TestInvoker$MethodInvocationAgent.invoke(TestInvoker.java:969)
	at org.testng.internal.invokers.TestInvoker.invokeTestMethods(TestInvoker.java:194)
	at org.testng.internal.invokers.TestMethodWorker.invokeTestMethods(TestMethodWorker.java:148)
	at org.testng.internal.invokers.TestMethodWorker.run(TestMethodWorker.java:128)
	at java.base/java.util.concurrent.ThreadPoolExecutor.runWorker(ThreadPoolExecutor.java:1128)
	at java.base/java.util.concurrent.ThreadPoolExecutor$Worker.run(ThreadPoolExecutor.java:628)
	at java.base/java.lang.Thread.run(Thread.java:829)
Caused by: com.consol.citrus.exceptions.ValidationException: Failed to validate JSON text:
{&quot;sound&quot;:&quot;moo-moo-moo, moo-moo-moo&quot;} Values not equal for entry: &apos;sound&apos;, expected &apos;quack-quack-quack, quack-quack-quack&apos; but was &apos;moo-moo-moo, moo-moo-moo&apos;
	at com.consol.citrus.validation.json.JsonTextMessageValidator.validateMessage(JsonTextMessageValidator.java:114)
	at com.consol.citrus.validation.json.JsonTextMessageValidator.validateMessage(JsonTextMessageValidator.java:58)
	at com.consol.citrus.validation.AbstractMessageValidator.validateMessage(AbstractMessageValidator.java:46)
	at com.consol.citrus.actions.ReceiveMessageAction.validateMessage(ReceiveMessageAction.java:279)
	at com.consol.citrus.actions.ReceiveMessageAction.doExecute(ReceiveMessageAction.java:168)
	at com.consol.citrus.actions.AbstractTestAction.execute(AbstractTestAction.java:59)
	at com.consol.citrus.DefaultTestCase.executeAction(DefaultTestCase.java:136)
	... 28 more
Caused by: java.lang.IllegalArgumentException: Values not equal for entry: &apos;sound&apos;, expected &apos;quack-quack-quack, quack-quack-quack&apos; but was &apos;moo-moo-moo, moo-moo-moo&apos;
	at org.springframework.util.Assert.isTrue(Assert.java:121)
	at com.consol.citrus.validation.json.JsonTextMessageValidator.validateJson(JsonTextMessageValidator.java:211)
	at com.consol.citrus.validation.json.JsonTextMessageValidator.validateMessage(JsonTextMessageValidator.java:102)
	... 34 more
</pre></div></td>
<td>2</td>
<td>autotests.tests.actions.DuckQuackTest@6088451e</td></tr>
<tr>
<td title='autotests.tests.actions.DuckFlyTest.successfulFlyWithFixedWings()'><b>successfulFlyWithFixedWings</b><br>Test class: autotests.tests.actions.DuckFlyTest<br>Test method: Проверка полета уточки в состоянии крыльев FIXED<br>Parameters: null</td>
<td><div><pre>com.consol.citrus.exceptions.TestCaseFailedException: Failed to validate JSON text:
{&quot;message&quot;:&quot;I can not fly :C&quot;} Values not equal for entry: &apos;message&apos;, expected &apos;I can`t fly&apos; but was &apos;I can not fly :C&apos;
	at com.consol.citrus.DefaultTestCase.executeAction(DefaultTestCase.java:143)
	at com.consol.citrus.DefaultTestCaseRunner.run(DefaultTestCaseRunner.java:125)
	at com.consol.citrus.TestActionRunner.$(TestActionRunner.java:35)
	at autotests.clients.DuckActionsClient.validateResponseResource(DuckActionsClient.java:39)
	at autotests.tests.actions.DuckFlyTest.successfulFlyWithFixedWings(DuckFlyTest.java:49)
	at org.springframework.util.ReflectionUtils.invokeMethod(ReflectionUtils.java:282)
	at com.consol.citrus.testng.TestNGHelper.lambda$invokeTestMethod$1(TestNGHelper.java:82)
	at com.consol.citrus.common.DefaultTestLoader.lambda$doLoad$1(DefaultTestLoader.java:116)
	at java.base/java.util.ArrayList.forEach(ArrayList.java:1541)
	at com.consol.citrus.common.DefaultTestLoader.doLoad(DefaultTestLoader.java:116)
	at com.consol.citrus.common.DefaultTestLoader.load(DefaultTestLoader.java:94)
	at com.consol.citrus.testng.TestNGHelper.invokeTestMethod(TestNGHelper.java:83)
	at com.consol.citrus.testng.spring.TestNGCitrusSpringSupport.run(TestNGCitrusSpringSupport.java:185)
	at com.consol.citrus.testng.spring.TestNGCitrusSpringSupport.run(TestNGCitrusSpringSupport.java:101)
	at java.base/java.util.concurrent.ThreadPoolExecutor.runWorker(ThreadPoolExecutor.java:1128)
	at java.base/java.util.concurrent.ThreadPoolExecutor$Worker.run(ThreadPoolExecutor.java:628)
	at java.base/java.lang.Thread.run(Thread.java:829)
Caused by: com.consol.citrus.exceptions.ValidationException: Failed to validate JSON text:
{&quot;message&quot;:&quot;I can not fly :C&quot;} Values not equal for entry: &apos;message&apos;, expected &apos;I can`t fly&apos; but was &apos;I can not fly :C&apos;
	at com.consol.citrus.validation.json.JsonTextMessageValidator.validateMessage(JsonTextMessageValidator.java:114)
	at com.consol.citrus.validation.json.JsonTextMessageValidator.validateMessage(JsonTextMessageValidator.java:58)
	at com.consol.citrus.validation.AbstractMessageValidator.validateMessage(AbstractMessageValidator.java:46)
	at com.consol.citrus.actions.ReceiveMessageAction.validateMessage(ReceiveMessageAction.java:279)
	at com.consol.citrus.actions.ReceiveMessageAction.doExecute(ReceiveMessageAction.java:168)
	at com.consol.citrus.actions.AbstractTestAction.execute(AbstractTestAction.java:59)
	at com.consol.citrus.DefaultTestCase.executeAction(DefaultTestCase.java:136)
	... 28 more
Caused by: java.lang.IllegalArgumentException: Values not equal for entry: &apos;message&apos;, expected &apos;I can`t fly&apos; but was &apos;I can not fly :C&apos;
	at org.springframework.util.Assert.isTrue(Assert.java:121)
	at com.consol.citrus.validation.json.JsonTextMessageValidator.validateJson(JsonTextMessageValidator.java:211)
	at com.consol.citrus.validation.json.JsonTextMessageValidator.validateMessage(JsonTextMessageValidator.java:102)
	... 34 more
... Removed 12 stack frames</pre></div><a href='#' onClick='toggleBox("stack-trace260628816", this, "Click to show all stack frames", "Click to hide stack frames")'>Click to show all stack frames</a>
<div class='stack-trace' id='stack-trace260628816'><pre>com.consol.citrus.exceptions.TestCaseFailedException: Failed to validate JSON text:
{&quot;message&quot;:&quot;I can not fly :C&quot;} Values not equal for entry: &apos;message&apos;, expected &apos;I can`t fly&apos; but was &apos;I can not fly :C&apos;
	at com.consol.citrus.DefaultTestCase.executeAction(DefaultTestCase.java:143)
	at com.consol.citrus.DefaultTestCaseRunner.run(DefaultTestCaseRunner.java:125)
	at com.consol.citrus.TestActionRunner.$(TestActionRunner.java:35)
	at autotests.clients.DuckActionsClient.validateResponseResource(DuckActionsClient.java:39)
	at autotests.tests.actions.DuckFlyTest.successfulFlyWithFixedWings(DuckFlyTest.java:49)
	at java.base/jdk.internal.reflect.NativeMethodAccessorImpl.invoke0(Native Method)
	at java.base/jdk.internal.reflect.NativeMethodAccessorImpl.invoke(NativeMethodAccessorImpl.java:62)
	at java.base/jdk.internal.reflect.DelegatingMethodAccessorImpl.invoke(DelegatingMethodAccessorImpl.java:43)
	at java.base/java.lang.reflect.Method.invoke(Method.java:566)
	at org.springframework.util.ReflectionUtils.invokeMethod(ReflectionUtils.java:282)
	at com.consol.citrus.testng.TestNGHelper.lambda$invokeTestMethod$1(TestNGHelper.java:82)
	at com.consol.citrus.common.DefaultTestLoader.lambda$doLoad$1(DefaultTestLoader.java:116)
	at java.base/java.util.ArrayList.forEach(ArrayList.java:1541)
	at com.consol.citrus.common.DefaultTestLoader.doLoad(DefaultTestLoader.java:116)
	at com.consol.citrus.common.DefaultTestLoader.load(DefaultTestLoader.java:94)
	at com.consol.citrus.testng.TestNGHelper.invokeTestMethod(TestNGHelper.java:83)
	at com.consol.citrus.testng.spring.TestNGCitrusSpringSupport.run(TestNGCitrusSpringSupport.java:185)
	at com.consol.citrus.testng.spring.TestNGCitrusSpringSupport.run(TestNGCitrusSpringSupport.java:101)
	at org.testng.internal.invokers.MethodInvocationHelper.invokeHookable(MethodInvocationHelper.java:272)
	at org.testng.internal.invokers.TestInvoker.invokeMethod(TestInvoker.java:669)
	at org.testng.internal.invokers.TestInvoker.invokeTestMethod(TestInvoker.java:221)
	at org.testng.internal.invokers.MethodRunner.runInSequence(MethodRunner.java:50)
	at org.testng.internal.invokers.TestInvoker$MethodInvocationAgent.invoke(TestInvoker.java:969)
	at org.testng.internal.invokers.TestInvoker.invokeTestMethods(TestInvoker.java:194)
	at org.testng.internal.invokers.TestMethodWorker.invokeTestMethods(TestMethodWorker.java:148)
	at org.testng.internal.invokers.TestMethodWorker.run(TestMethodWorker.java:128)
	at java.base/java.util.concurrent.ThreadPoolExecutor.runWorker(ThreadPoolExecutor.java:1128)
	at java.base/java.util.concurrent.ThreadPoolExecutor$Worker.run(ThreadPoolExecutor.java:628)
	at java.base/java.lang.Thread.run(Thread.java:829)
Caused by: com.consol.citrus.exceptions.ValidationException: Failed to validate JSON text:
{&quot;message&quot;:&quot;I can not fly :C&quot;} Values not equal for entry: &apos;message&apos;, expected &apos;I can`t fly&apos; but was &apos;I can not fly :C&apos;
	at com.consol.citrus.validation.json.JsonTextMessageValidator.validateMessage(JsonTextMessageValidator.java:114)
	at com.consol.citrus.validation.json.JsonTextMessageValidator.validateMessage(JsonTextMessageValidator.java:58)
	at com.consol.citrus.validation.AbstractMessageValidator.validateMessage(AbstractMessageValidator.java:46)
	at com.consol.citrus.actions.ReceiveMessageAction.validateMessage(ReceiveMessageAction.java:279)
	at com.consol.citrus.actions.ReceiveMessageAction.doExecute(ReceiveMessageAction.java:168)
	at com.consol.citrus.actions.AbstractTestAction.execute(AbstractTestAction.java:59)
	at com.consol.citrus.DefaultTestCase.executeAction(DefaultTestCase.java:136)
	... 28 more
Caused by: java.lang.IllegalArgumentException: Values not equal for entry: &apos;message&apos;, expected &apos;I can`t fly&apos; but was &apos;I can not fly :C&apos;
	at org.springframework.util.Assert.isTrue(Assert.java:121)
	at com.consol.citrus.validation.json.JsonTextMessageValidator.validateJson(JsonTextMessageValidator.java:211)
	at com.consol.citrus.validation.json.JsonTextMessageValidator.validateMessage(JsonTextMessageValidator.java:102)
	... 34 more
</pre></div></td>
<td>0</td>
<td>autotests.tests.actions.DuckFlyTest@4f654cee</td></tr>
<tr>
<td title='autotests.tests.actions.DuckPropertiesTest.successfulGetPropertiesWithMaterialRubber()'><b>successfulGetPropertiesWithMaterialRubber</b><br>Test class: autotests.tests.actions.DuckPropertiesTest<br>Test method: Получение параметров уточки из материала rubber и с нечетным Id<br>Parameters: null</td>
<td><div><pre>com.consol.citrus.exceptions.TestCaseFailedException: Failed to validate JSON text:
{&quot;color&quot;:&quot;yellow&quot;,&quot;height&quot;:15.0,&quot;material&quot;:&quot;rubber&quot;,&quot;sound&quot;:&quot;quack&quot;,&quot;wingsState&quot;:&quot;ACTIVE&quot;} Values not equal for entry: &apos;height&apos;, expected &apos;0.15&apos; but was &apos;15.0&apos;
	at com.consol.citrus.DefaultTestCase.executeAction(DefaultTestCase.java:143)
	at com.consol.citrus.DefaultTestCaseRunner.run(DefaultTestCaseRunner.java:125)
	at com.consol.citrus.TestActionRunner.$(TestActionRunner.java:35)
	at autotests.clients.DuckActionsClient.validateResponseString(DuckActionsClient.java:30)
	at autotests.tests.actions.DuckPropertiesTest.successfulGetPropertiesWithMaterialRubber(DuckPropertiesTest.java:32)
	at org.springframework.util.ReflectionUtils.invokeMethod(ReflectionUtils.java:282)
	at com.consol.citrus.testng.TestNGHelper.lambda$invokeTestMethod$1(TestNGHelper.java:82)
	at com.consol.citrus.common.DefaultTestLoader.lambda$doLoad$1(DefaultTestLoader.java:116)
	at java.base/java.util.ArrayList.forEach(ArrayList.java:1541)
	at com.consol.citrus.common.DefaultTestLoader.doLoad(DefaultTestLoader.java:116)
	at com.consol.citrus.common.DefaultTestLoader.load(DefaultTestLoader.java:94)
	at com.consol.citrus.testng.TestNGHelper.invokeTestMethod(TestNGHelper.java:83)
	at com.consol.citrus.testng.spring.TestNGCitrusSpringSupport.run(TestNGCitrusSpringSupport.java:185)
	at com.consol.citrus.testng.spring.TestNGCitrusSpringSupport.run(TestNGCitrusSpringSupport.java:101)
	at java.base/java.util.concurrent.ThreadPoolExecutor.runWorker(ThreadPoolExecutor.java:1128)
	at java.base/java.util.concurrent.ThreadPoolExecutor$Worker.run(ThreadPoolExecutor.java:628)
	at java.base/java.lang.Thread.run(Thread.java:829)
Caused by: com.consol.citrus.exceptions.ValidationException: Failed to validate JSON text:
{&quot;color&quot;:&quot;yellow&quot;,&quot;height&quot;:15.0,&quot;material&quot;:&quot;rubber&quot;,&quot;sound&quot;:&quot;quack&quot;,&quot;wingsState&quot;:&quot;ACTIVE&quot;} Values not equal for entry: &apos;height&apos;, expected &apos;0.15&apos; but was &apos;15.0&apos;
	at com.consol.citrus.validation.json.JsonTextMessageValidator.validateMessage(JsonTextMessageValidator.java:114)
	at com.consol.citrus.validation.json.JsonTextMessageValidator.validateMessage(JsonTextMessageValidator.java:58)
	at com.consol.citrus.validation.AbstractMessageValidator.validateMessage(AbstractMessageValidator.java:46)
	at com.consol.citrus.actions.ReceiveMessageAction.validateMessage(ReceiveMessageAction.java:279)
	at com.consol.citrus.actions.ReceiveMessageAction.doExecute(ReceiveMessageAction.java:168)
	at com.consol.citrus.actions.AbstractTestAction.execute(AbstractTestAction.java:59)
	at com.consol.citrus.DefaultTestCase.executeAction(DefaultTestCase.java:136)
	... 28 more
Caused by: java.lang.IllegalArgumentException: Values not equal for entry: &apos;height&apos;, expected &apos;0.15&apos; but was &apos;15.0&apos;
	at org.springframework.util.Assert.isTrue(Assert.java:121)
	at com.consol.citrus.validation.json.JsonTextMessageValidator.validateJson(JsonTextMessageValidator.java:211)
	at com.consol.citrus.validation.json.JsonTextMessageValidator.validateMessage(JsonTextMessageValidator.java:102)
	... 34 more
... Removed 12 stack frames</pre></div><a href='#' onClick='toggleBox("stack-trace10513052", this, "Click to show all stack frames", "Click to hide stack frames")'>Click to show all stack frames</a>
<div class='stack-trace' id='stack-trace10513052'><pre>com.consol.citrus.exceptions.TestCaseFailedException: Failed to validate JSON text:
{&quot;color&quot;:&quot;yellow&quot;,&quot;height&quot;:15.0,&quot;material&quot;:&quot;rubber&quot;,&quot;sound&quot;:&quot;quack&quot;,&quot;wingsState&quot;:&quot;ACTIVE&quot;} Values not equal for entry: &apos;height&apos;, expected &apos;0.15&apos; but was &apos;15.0&apos;
	at com.consol.citrus.DefaultTestCase.executeAction(DefaultTestCase.java:143)
	at com.consol.citrus.DefaultTestCaseRunner.run(DefaultTestCaseRunner.java:125)
	at com.consol.citrus.TestActionRunner.$(TestActionRunner.java:35)
	at autotests.clients.DuckActionsClient.validateResponseString(DuckActionsClient.java:30)
	at autotests.tests.actions.DuckPropertiesTest.successfulGetPropertiesWithMaterialRubber(DuckPropertiesTest.java:32)
	at java.base/jdk.internal.reflect.NativeMethodAccessorImpl.invoke0(Native Method)
	at java.base/jdk.internal.reflect.NativeMethodAccessorImpl.invoke(NativeMethodAccessorImpl.java:62)
	at java.base/jdk.internal.reflect.DelegatingMethodAccessorImpl.invoke(DelegatingMethodAccessorImpl.java:43)
	at java.base/java.lang.reflect.Method.invoke(Method.java:566)
	at org.springframework.util.ReflectionUtils.invokeMethod(ReflectionUtils.java:282)
	at com.consol.citrus.testng.TestNGHelper.lambda$invokeTestMethod$1(TestNGHelper.java:82)
	at com.consol.citrus.common.DefaultTestLoader.lambda$doLoad$1(DefaultTestLoader.java:116)
	at java.base/java.util.ArrayList.forEach(ArrayList.java:1541)
	at com.consol.citrus.common.DefaultTestLoader.doLoad(DefaultTestLoader.java:116)
	at com.consol.citrus.common.DefaultTestLoader.load(DefaultTestLoader.java:94)
	at com.consol.citrus.testng.TestNGHelper.invokeTestMethod(TestNGHelper.java:83)
	at com.consol.citrus.testng.spring.TestNGCitrusSpringSupport.run(TestNGCitrusSpringSupport.java:185)
	at com.consol.citrus.testng.spring.TestNGCitrusSpringSupport.run(TestNGCitrusSpringSupport.java:101)
	at org.testng.internal.invokers.MethodInvocationHelper.invokeHookable(MethodInvocationHelper.java:272)
	at org.testng.internal.invokers.TestInvoker.invokeMethod(TestInvoker.java:669)
	at org.testng.internal.invokers.TestInvoker.invokeTestMethod(TestInvoker.java:221)
	at org.testng.internal.invokers.MethodRunner.runInSequence(MethodRunner.java:50)
	at org.testng.internal.invokers.TestInvoker$MethodInvocationAgent.invoke(TestInvoker.java:969)
	at org.testng.internal.invokers.TestInvoker.invokeTestMethods(TestInvoker.java:194)
	at org.testng.internal.invokers.TestMethodWorker.invokeTestMethods(TestMethodWorker.java:148)
	at org.testng.internal.invokers.TestMethodWorker.run(TestMethodWorker.java:128)
	at java.base/java.util.concurrent.ThreadPoolExecutor.runWorker(ThreadPoolExecutor.java:1128)
	at java.base/java.util.concurrent.ThreadPoolExecutor$Worker.run(ThreadPoolExecutor.java:628)
	at java.base/java.lang.Thread.run(Thread.java:829)
Caused by: com.consol.citrus.exceptions.ValidationException: Failed to validate JSON text:
{&quot;color&quot;:&quot;yellow&quot;,&quot;height&quot;:15.0,&quot;material&quot;:&quot;rubber&quot;,&quot;sound&quot;:&quot;quack&quot;,&quot;wingsState&quot;:&quot;ACTIVE&quot;} Values not equal for entry: &apos;height&apos;, expected &apos;0.15&apos; but was &apos;15.0&apos;
	at com.consol.citrus.validation.json.JsonTextMessageValidator.validateMessage(JsonTextMessageValidator.java:114)
	at com.consol.citrus.validation.json.JsonTextMessageValidator.validateMessage(JsonTextMessageValidator.java:58)
	at com.consol.citrus.validation.AbstractMessageValidator.validateMessage(AbstractMessageValidator.java:46)
	at com.consol.citrus.actions.ReceiveMessageAction.validateMessage(ReceiveMessageAction.java:279)
	at com.consol.citrus.actions.ReceiveMessageAction.doExecute(ReceiveMessageAction.java:168)
	at com.consol.citrus.actions.AbstractTestAction.execute(AbstractTestAction.java:59)
	at com.consol.citrus.DefaultTestCase.executeAction(DefaultTestCase.java:136)
	... 28 more
Caused by: java.lang.IllegalArgumentException: Values not equal for entry: &apos;height&apos;, expected &apos;0.15&apos; but was &apos;15.0&apos;
	at org.springframework.util.Assert.isTrue(Assert.java:121)
	at com.consol.citrus.validation.json.JsonTextMessageValidator.validateJson(JsonTextMessageValidator.java:211)
	at com.consol.citrus.validation.json.JsonTextMessageValidator.validateMessage(JsonTextMessageValidator.java:102)
	... 34 more
</pre></div></td>
<td>2</td>
<td>autotests.tests.actions.DuckPropertiesTest@40de8f93</td></tr>
<tr>
<td title='autotests.tests.actions.DuckFlyTest.successfulFlyWithUndefinedWings()'><b>successfulFlyWithUndefinedWings</b><br>Test class: autotests.tests.actions.DuckFlyTest<br>Test method: Проверка полета уточки в состоянии крыльев UNDEFINED<br>Parameters: null</td>
<td><div><pre>com.consol.citrus.exceptions.TestCaseFailedException: Validation failed: Values not equal for header element &apos;citrus_http_reason_phrase&apos;, expected &apos;BAD_REQUEST&apos; but was &apos;OK&apos;
	at com.consol.citrus.DefaultTestCase.executeAction(DefaultTestCase.java:143)
	at com.consol.citrus.DefaultTestCaseRunner.run(DefaultTestCaseRunner.java:125)
	at com.consol.citrus.TestActionRunner.$(TestActionRunner.java:35)
	at autotests.clients.DuckActionsClient.validateResponseWingsUndefined(DuckActionsClient.java:48)
	at autotests.tests.actions.DuckFlyTest.successfulFlyWithUndefinedWings(DuckFlyTest.java:67)
	at org.springframework.util.ReflectionUtils.invokeMethod(ReflectionUtils.java:282)
	at com.consol.citrus.testng.TestNGHelper.lambda$invokeTestMethod$1(TestNGHelper.java:82)
	at com.consol.citrus.common.DefaultTestLoader.lambda$doLoad$1(DefaultTestLoader.java:116)
	at java.base/java.util.ArrayList.forEach(ArrayList.java:1541)
	at com.consol.citrus.common.DefaultTestLoader.doLoad(DefaultTestLoader.java:116)
	at com.consol.citrus.common.DefaultTestLoader.load(DefaultTestLoader.java:94)
	at com.consol.citrus.testng.TestNGHelper.invokeTestMethod(TestNGHelper.java:83)
	at com.consol.citrus.testng.spring.TestNGCitrusSpringSupport.run(TestNGCitrusSpringSupport.java:185)
	at com.consol.citrus.testng.spring.TestNGCitrusSpringSupport.run(TestNGCitrusSpringSupport.java:101)
	at java.base/java.util.concurrent.ThreadPoolExecutor.runWorker(ThreadPoolExecutor.java:1128)
	at java.base/java.util.concurrent.ThreadPoolExecutor$Worker.run(ThreadPoolExecutor.java:628)
	at java.base/java.lang.Thread.run(Thread.java:829)
Caused by: com.consol.citrus.exceptions.ValidationException: Validation failed: Values not equal for header element &apos;citrus_http_reason_phrase&apos;, expected &apos;BAD_REQUEST&apos; but was &apos;OK&apos;
	at com.consol.citrus.validation.DefaultHeaderValidator.validateHeader(DefaultHeaderValidator.java:79)
	at com.consol.citrus.validation.DefaultMessageHeaderValidator.validateMessage(DefaultMessageHeaderValidator.java:101)
	at com.consol.citrus.validation.DefaultMessageHeaderValidator.validateMessage(DefaultMessageHeaderValidator.java:44)
	at com.consol.citrus.validation.AbstractMessageValidator.validateMessage(AbstractMessageValidator.java:46)
	at com.consol.citrus.actions.ReceiveMessageAction.validateMessage(ReceiveMessageAction.java:279)
	at com.consol.citrus.actions.ReceiveMessageAction.doExecute(ReceiveMessageAction.java:168)
	at com.consol.citrus.actions.AbstractTestAction.execute(AbstractTestAction.java:59)
	at com.consol.citrus.DefaultTestCase.executeAction(DefaultTestCase.java:136)
	... 28 more
Caused by: java.lang.IllegalArgumentException: Values not equal for header element &apos;citrus_http_reason_phrase&apos;, expected &apos;BAD_REQUEST&apos; but was &apos;OK&apos;
	at org.springframework.util.Assert.isTrue(Assert.java:121)
	at com.consol.citrus.validation.DefaultHeaderValidator.validateHeader(DefaultHeaderValidator.java:66)
	... 35 more
... Removed 12 stack frames</pre></div><a href='#' onClick='toggleBox("stack-trace1451129459", this, "Click to show all stack frames", "Click to hide stack frames")'>Click to show all stack frames</a>
<div class='stack-trace' id='stack-trace1451129459'><pre>com.consol.citrus.exceptions.TestCaseFailedException: Validation failed: Values not equal for header element &apos;citrus_http_reason_phrase&apos;, expected &apos;BAD_REQUEST&apos; but was &apos;OK&apos;
	at com.consol.citrus.DefaultTestCase.executeAction(DefaultTestCase.java:143)
	at com.consol.citrus.DefaultTestCaseRunner.run(DefaultTestCaseRunner.java:125)
	at com.consol.citrus.TestActionRunner.$(TestActionRunner.java:35)
	at autotests.clients.DuckActionsClient.validateResponseWingsUndefined(DuckActionsClient.java:48)
	at autotests.tests.actions.DuckFlyTest.successfulFlyWithUndefinedWings(DuckFlyTest.java:67)
	at java.base/jdk.internal.reflect.NativeMethodAccessorImpl.invoke0(Native Method)
	at java.base/jdk.internal.reflect.NativeMethodAccessorImpl.invoke(NativeMethodAccessorImpl.java:62)
	at java.base/jdk.internal.reflect.DelegatingMethodAccessorImpl.invoke(DelegatingMethodAccessorImpl.java:43)
	at java.base/java.lang.reflect.Method.invoke(Method.java:566)
	at org.springframework.util.ReflectionUtils.invokeMethod(ReflectionUtils.java:282)
	at com.consol.citrus.testng.TestNGHelper.lambda$invokeTestMethod$1(TestNGHelper.java:82)
	at com.consol.citrus.common.DefaultTestLoader.lambda$doLoad$1(DefaultTestLoader.java:116)
	at java.base/java.util.ArrayList.forEach(ArrayList.java:1541)
	at com.consol.citrus.common.DefaultTestLoader.doLoad(DefaultTestLoader.java:116)
	at com.consol.citrus.common.DefaultTestLoader.load(DefaultTestLoader.java:94)
	at com.consol.citrus.testng.TestNGHelper.invokeTestMethod(TestNGHelper.java:83)
	at com.consol.citrus.testng.spring.TestNGCitrusSpringSupport.run(TestNGCitrusSpringSupport.java:185)
	at com.consol.citrus.testng.spring.TestNGCitrusSpringSupport.run(TestNGCitrusSpringSupport.java:101)
	at org.testng.internal.invokers.MethodInvocationHelper.invokeHookable(MethodInvocationHelper.java:272)
	at org.testng.internal.invokers.TestInvoker.invokeMethod(TestInvoker.java:669)
	at org.testng.internal.invokers.TestInvoker.invokeTestMethod(TestInvoker.java:221)
	at org.testng.internal.invokers.MethodRunner.runInSequence(MethodRunner.java:50)
	at org.testng.internal.invokers.TestInvoker$MethodInvocationAgent.invoke(TestInvoker.java:969)
	at org.testng.internal.invokers.TestInvoker.invokeTestMethods(TestInvoker.java:194)
	at org.testng.internal.invokers.TestMethodWorker.invokeTestMethods(TestMethodWorker.java:148)
	at org.testng.internal.invokers.TestMethodWorker.run(TestMethodWorker.java:128)
	at java.base/java.util.concurrent.ThreadPoolExecutor.runWorker(ThreadPoolExecutor.java:1128)
	at java.base/java.util.concurrent.ThreadPoolExecutor$Worker.run(ThreadPoolExecutor.java:628)
	at java.base/java.lang.Thread.run(Thread.java:829)
Caused by: com.consol.citrus.exceptions.ValidationException: Validation failed: Values not equal for header element &apos;citrus_http_reason_phrase&apos;, expected &apos;BAD_REQUEST&apos; but was &apos;OK&apos;
	at com.consol.citrus.validation.DefaultHeaderValidator.validateHeader(DefaultHeaderValidator.java:79)
	at com.consol.citrus.validation.DefaultMessageHeaderValidator.validateMessage(DefaultMessageHeaderValidator.java:101)
	at com.consol.citrus.validation.DefaultMessageHeaderValidator.validateMessage(DefaultMessageHeaderValidator.java:44)
	at com.consol.citrus.validation.AbstractMessageValidator.validateMessage(AbstractMessageValidator.java:46)
	at com.consol.citrus.actions.ReceiveMessageAction.validateMessage(ReceiveMessageAction.java:279)
	at com.consol.citrus.actions.ReceiveMessageAction.doExecute(ReceiveMessageAction.java:168)
	at com.consol.citrus.actions.AbstractTestAction.execute(AbstractTestAction.java:59)
	at com.consol.citrus.DefaultTestCase.executeAction(DefaultTestCase.java:136)
	... 28 more
Caused by: java.lang.IllegalArgumentException: Values not equal for header element &apos;citrus_http_reason_phrase&apos;, expected &apos;BAD_REQUEST&apos; but was &apos;OK&apos;
	at org.springframework.util.Assert.isTrue(Assert.java:121)
	at com.consol.citrus.validation.DefaultHeaderValidator.validateHeader(DefaultHeaderValidator.java:66)
	... 35 more
</pre></div></td>
<td>0</td>
<td>autotests.tests.actions.DuckFlyTest@4f654cee</td></tr>
</table><p>
<table width='100%' border='1' class='invocation-passed'>
<tr><td colspan='4' align='center'><b>PASSED TESTS</b></td></tr>
<tr><td><b>Test method</b></td>
<td><b>Attribute(s)</b></td>
<td width="30%"><b>Exception</b></td>
<td width="10%"><b>Time (seconds)</b></td>
<td><b>Instance</b></td>
</tr>
<tr>
<td title='autotests.tests.objectManipulation.DuckUpdateTest.successfulUpdateDuckWithColorAndHeight()'><b>successfulUpdateDuckWithColorAndHeight</b><br>Test class: autotests.tests.objectManipulation.DuckUpdateTest<br>Test method: Обновление данных цвета и размера уточки<br>Parameters: null</td>
<td></td>
<td>0</td>
<td>autotests.tests.objectManipulation.DuckUpdateTest@12a470dd</td></tr>
<tr>
<td title='autotests.tests.objectManipulation.DuckUpdateTest.successfulUpdateDuckWithColorAndSound()'><b>successfulUpdateDuckWithColorAndSound</b><br>Test class: autotests.tests.objectManipulation.DuckUpdateTest<br>Test method: Обновление данных цвета и звука уточки<br>Parameters: null</td>
<td></td>
<td>0</td>
<td>autotests.tests.objectManipulation.DuckUpdateTest@12a470dd</td></tr>
<tr>
<td title='autotests.tests.objectManipulation.DuckDeleteTest.successfulDeleteDuck()'><b>successfulDeleteDuck</b><br>Test class: autotests.tests.objectManipulation.DuckDeleteTest<br>Test method: Удаление уточки<br>Parameters: null</td>
<td></td>
<td>0</td>
<td>autotests.tests.objectManipulation.DuckDeleteTest@27abb6ca</td></tr>
<tr>
<td title='autotests.tests.actions.DuckQuackTest.successfulQuackWithOddId()'><b>successfulQuackWithOddId</b><br>Test class: autotests.tests.actions.DuckQuackTest<br>Test method: Проверка кряканья уточки с корректным нечетным Id<br>Parameters: null</td>
<td></td>
<td>0</td>
<td>autotests.tests.actions.DuckQuackTest@6088451e</td></tr>
<tr>
<td title='autotests.tests.objectManipulation.DuckCreateTest.successfulCreateDuckWithMaterialRubber()'><b>successfulCreateDuckWithMaterialRubber</b><br>Test class: autotests.tests.objectManipulation.DuckCreateTest<br>Test method: Создание уточки из резины<br>Parameters: null</td>
<td></td>
<td>1</td>
<td>autotests.tests.objectManipulation.DuckCreateTest@6a1ef65c</td></tr>
<tr>
<td title='autotests.tests.objectManipulation.DuckCreateTest.successfulCreateDuckWithMaterialWood()'><b>successfulCreateDuckWithMaterialWood</b><br>Test class: autotests.tests.objectManipulation.DuckCreateTest<br>Test method: Создание уточки из дерева<br>Parameters: null</td>
<td></td>
<td>0</td>
<td>autotests.tests.objectManipulation.DuckCreateTest@6a1ef65c</td></tr>
</table><p>
</body>
</html>