<!DOCTYPE html>
<html>
<head>
<meta http-equiv="Content-Type" content="text/html; charset=utf-8"/>
<meta http-equiv="x-ua-compatible" content="IE=edge"/>
<title>Test results - Class autotests.tests.actions.DuckPropertiesTest</title>
<link href="../css/base-style.css" rel="stylesheet" type="text/css"/>
<link href="../css/style.css" rel="stylesheet" type="text/css"/>
<script src="../js/report.js" type="text/javascript"></script>
</head>
<body>
<div id="content">
<h1>Class autotests.tests.actions.DuckPropertiesTest</h1>
<div class="breadcrumbs">
<a href="../index.html">all</a> &gt; 
<a href="../packages/autotests.tests.actions.html">autotests.tests.actions</a> &gt; DuckPropertiesTest</div>
<div id="summary">
<table>
<tr>
<td>
<div class="summaryGroup">
<table>
<tr>
<td>
<div class="infoBox" id="tests">
<div class="counter">2</div>
<p>tests</p>
</div>
</td>
<td>
<div class="infoBox" id="failures">
<div class="counter">2</div>
<p>failures</p>
</div>
</td>
<td>
<div class="infoBox" id="ignored">
<div class="counter">0</div>
<p>ignored</p>
</div>
</td>
<td>
<div class="infoBox" id="duration">
<div class="counter">2.739s</div>
<p>duration</p>
</div>
</td>
</tr>
</table>
</div>
</td>
<td>
<div class="infoBox failures" id="successRate">
<div class="percent">0%</div>
<p>successful</p>
</div>
</td>
</tr>
</table>
</div>
<div id="tabs">
<ul class="tabLinks">
<li>
<a href="#tab0">Failed tests</a>
</li>
<li>
<a href="#tab1">Tests</a>
</li>
<li>
<a href="#tab2">Standard output</a>
</li>
</ul>
<div id="tab0" class="tab">
<h2>Failed tests</h2>
<div class="test">
<a name="successfulGetPropertiesWithMaterialRubber[0](null)"></a>
<h3 class="failures">successfulGetPropertiesWithMaterialRubber[0](null)</h3>
<span class="code">
<pre>com.consol.citrus.exceptions.TestCaseFailedException: Failed to validate JSON text:
{&quot;color&quot;:&quot;yellow&quot;,&quot;height&quot;:15.0,&quot;material&quot;:&quot;rubber&quot;,&quot;sound&quot;:&quot;quack&quot;,&quot;wingsState&quot;:&quot;ACTIVE&quot;} Values not equal for entry: 'height', expected '0.15' but was '15.0'
	at app//com.consol.citrus.DefaultTestCase.executeAction(DefaultTestCase.java:143)
	at app//com.consol.citrus.DefaultTestCaseRunner.run(DefaultTestCaseRunner.java:125)
	at app//com.consol.citrus.TestActionRunner.$(TestActionRunner.java:35)
	at app//autotests.clients.DuckActionsClient.validateResponseString(DuckActionsClient.java:30)
	at app//autotests.tests.actions.DuckPropertiesTest.successfulGetPropertiesWithMaterialRubber(DuckPropertiesTest.java:32)
	at java.base@11.0.25/jdk.internal.reflect.NativeMethodAccessorImpl.invoke0(Native Method)
	at java.base@11.0.25/jdk.internal.reflect.NativeMethodAccessorImpl.invoke(NativeMethodAccessorImpl.java:62)
	at java.base@11.0.25/jdk.internal.reflect.DelegatingMethodAccessorImpl.invoke(DelegatingMethodAccessorImpl.java:43)
	at java.base@11.0.25/java.lang.reflect.Method.invoke(Method.java:566)
	at app//org.springframework.util.ReflectionUtils.invokeMethod(ReflectionUtils.java:282)
	at app//com.consol.citrus.testng.TestNGHelper.lambda$invokeTestMethod$1(TestNGHelper.java:82)
	at app//com.consol.citrus.common.DefaultTestLoader.lambda$doLoad$1(DefaultTestLoader.java:116)
	at java.base@11.0.25/java.util.ArrayList.forEach(ArrayList.java:1541)
	at app//com.consol.citrus.common.DefaultTestLoader.doLoad(DefaultTestLoader.java:116)
	at app//com.consol.citrus.common.DefaultTestLoader.load(DefaultTestLoader.java:94)
	at app//com.consol.citrus.testng.TestNGHelper.invokeTestMethod(TestNGHelper.java:83)
	at app//com.consol.citrus.testng.spring.TestNGCitrusSpringSupport.run(TestNGCitrusSpringSupport.java:185)
	at app//com.consol.citrus.testng.spring.TestNGCitrusSpringSupport.run(TestNGCitrusSpringSupport.java:101)
	at app//org.testng.internal.invokers.MethodInvocationHelper.invokeHookable(MethodInvocationHelper.java:272)
	at app//org.testng.internal.invokers.TestInvoker.invokeMethod(TestInvoker.java:669)
	at app//org.testng.internal.invokers.TestInvoker.invokeTestMethod(TestInvoker.java:221)
	at app//org.testng.internal.invokers.MethodRunner.runInSequence(MethodRunner.java:50)
	at app//org.testng.internal.invokers.TestInvoker$MethodInvocationAgent.invoke(TestInvoker.java:969)
	at app//org.testng.internal.invokers.TestInvoker.invokeTestMethods(TestInvoker.java:194)
	at app//org.testng.internal.invokers.TestMethodWorker.invokeTestMethods(TestMethodWorker.java:148)
	at app//org.testng.internal.invokers.TestMethodWorker.run(TestMethodWorker.java:128)
	at java.base@11.0.25/java.util.concurrent.ThreadPoolExecutor.runWorker(ThreadPoolExecutor.java:1128)
	at java.base@11.0.25/java.util.concurrent.ThreadPoolExecutor$Worker.run(ThreadPoolExecutor.java:628)
	at java.base@11.0.25/java.lang.Thread.run(Thread.java:829)
Caused by: com.consol.citrus.exceptions.ValidationException: Failed to validate JSON text:
{&quot;color&quot;:&quot;yellow&quot;,&quot;height&quot;:15.0,&quot;material&quot;:&quot;rubber&quot;,&quot;sound&quot;:&quot;quack&quot;,&quot;wingsState&quot;:&quot;ACTIVE&quot;} Values not equal for entry: 'height', expected '0.15' but was '15.0'
	at app//com.consol.citrus.validation.json.JsonTextMessageValidator.validateMessage(JsonTextMessageValidator.java:114)
	at app//com.consol.citrus.validation.json.JsonTextMessageValidator.validateMessage(JsonTextMessageValidator.java:58)
	at app//com.consol.citrus.validation.AbstractMessageValidator.validateMessage(AbstractMessageValidator.java:46)
	at app//com.consol.citrus.actions.ReceiveMessageAction.validateMessage(ReceiveMessageAction.java:279)
	at app//com.consol.citrus.actions.ReceiveMessageAction.doExecute(ReceiveMessageAction.java:168)
	at app//com.consol.citrus.actions.AbstractTestAction.execute(AbstractTestAction.java:59)
	at app//com.consol.citrus.DefaultTestCase.executeAction(DefaultTestCase.java:136)
	... 28 more
Caused by: java.lang.IllegalArgumentException: Values not equal for entry: 'height', expected '0.15' but was '15.0'
	at org.springframework.util.Assert.isTrue(Assert.java:121)
	at com.consol.citrus.validation.json.JsonTextMessageValidator.validateJson(JsonTextMessageValidator.java:211)
	at com.consol.citrus.validation.json.JsonTextMessageValidator.validateMessage(JsonTextMessageValidator.java:102)
	... 34 more
</pre>
</span>
</div>
<div class="test">
<a name="successfulGetPropertiesWithMaterialWood[0](null)"></a>
<h3 class="failures">successfulGetPropertiesWithMaterialWood[0](null)</h3>
<span class="code">
<pre>com.consol.citrus.exceptions.TestCaseFailedException: Failed to validate JSON text:
{} Number of JSON entries not equal for element: '$.', expected '5' but was '0'
	at app//com.consol.citrus.DefaultTestCase.executeAction(DefaultTestCase.java:143)
	at app//com.consol.citrus.DefaultTestCaseRunner.run(DefaultTestCaseRunner.java:125)
	at app//com.consol.citrus.TestActionRunner.$(TestActionRunner.java:35)
	at app//autotests.clients.DuckActionsClient.validateResponseString(DuckActionsClient.java:30)
	at app//autotests.tests.actions.DuckPropertiesTest.successfulGetPropertiesWithMaterialWood(DuckPropertiesTest.java:53)
	at java.base@11.0.25/jdk.internal.reflect.NativeMethodAccessorImpl.invoke0(Native Method)
	at java.base@11.0.25/jdk.internal.reflect.NativeMethodAccessorImpl.invoke(NativeMethodAccessorImpl.java:62)
	at java.base@11.0.25/jdk.internal.reflect.DelegatingMethodAccessorImpl.invoke(DelegatingMethodAccessorImpl.java:43)
	at java.base@11.0.25/java.lang.reflect.Method.invoke(Method.java:566)
	at app//org.springframework.util.ReflectionUtils.invokeMethod(ReflectionUtils.java:282)
	at app//com.consol.citrus.testng.TestNGHelper.lambda$invokeTestMethod$1(TestNGHelper.java:82)
	at app//com.consol.citrus.common.DefaultTestLoader.lambda$doLoad$1(DefaultTestLoader.java:116)
	at java.base@11.0.25/java.util.ArrayList.forEach(ArrayList.java:1541)
	at app//com.consol.citrus.common.DefaultTestLoader.doLoad(DefaultTestLoader.java:116)
	at app//com.consol.citrus.common.DefaultTestLoader.load(DefaultTestLoader.java:94)
	at app//com.consol.citrus.testng.TestNGHelper.invokeTestMethod(TestNGHelper.java:83)
	at app//com.consol.citrus.testng.spring.TestNGCitrusSpringSupport.run(TestNGCitrusSpringSupport.java:185)
	at app//com.consol.citrus.testng.spring.TestNGCitrusSpringSupport.run(TestNGCitrusSpringSupport.java:101)
	at app//org.testng.internal.invokers.MethodInvocationHelper.invokeHookable(MethodInvocationHelper.java:272)
	at app//org.testng.internal.invokers.TestInvoker.invokeMethod(TestInvoker.java:669)
	at app//org.testng.internal.invokers.TestInvoker.invokeTestMethod(TestInvoker.java:221)
	at app//org.testng.internal.invokers.MethodRunner.runInSequence(MethodRunner.java:50)
	at app//org.testng.internal.invokers.TestInvoker$MethodInvocationAgent.invoke(TestInvoker.java:969)
	at app//org.testng.internal.invokers.TestInvoker.invokeTestMethods(TestInvoker.java:194)
	at app//org.testng.internal.invokers.TestMethodWorker.invokeTestMethods(TestMethodWorker.java:148)
	at app//org.testng.internal.invokers.TestMethodWorker.run(TestMethodWorker.java:128)
	at java.base@11.0.25/java.util.concurrent.ThreadPoolExecutor.runWorker(ThreadPoolExecutor.java:1128)
	at java.base@11.0.25/java.util.concurrent.ThreadPoolExecutor$Worker.run(ThreadPoolExecutor.java:628)
	at java.base@11.0.25/java.lang.Thread.run(Thread.java:829)
Caused by: com.consol.citrus.exceptions.ValidationException: Failed to validate JSON text:
{} Number of JSON entries not equal for element: '$.', expected '5' but was '0'
	at app//com.consol.citrus.validation.json.JsonTextMessageValidator.validateMessage(JsonTextMessageValidator.java:114)
	at app//com.consol.citrus.validation.json.JsonTextMessageValidator.validateMessage(JsonTextMessageValidator.java:58)
	at app//com.consol.citrus.validation.AbstractMessageValidator.validateMessage(AbstractMessageValidator.java:46)
	at app//com.consol.citrus.actions.ReceiveMessageAction.validateMessage(ReceiveMessageAction.java:279)
	at app//com.consol.citrus.actions.ReceiveMessageAction.doExecute(ReceiveMessageAction.java:168)
	at app//com.consol.citrus.actions.AbstractTestAction.execute(AbstractTestAction.java:59)
	at app//com.consol.citrus.DefaultTestCase.executeAction(DefaultTestCase.java:136)
	... 28 more
Caused by: java.lang.IllegalArgumentException: Number of JSON entries not equal for element: '$.', expected '5' but was '0'
	at org.springframework.util.Assert.isTrue(Assert.java:121)
	at com.consol.citrus.validation.json.JsonTextMessageValidator.validateJson(JsonTextMessageValidator.java:145)
	at com.consol.citrus.validation.json.JsonTextMessageValidator.validateMessage(JsonTextMessageValidator.java:102)
	... 34 more
</pre>
</span>
</div>
</div>
<div id="tab1" class="tab">
<h2>Tests</h2>
<table>
<thead>
<tr>
<th>Test</th>
<th>Duration</th>
<th>Result</th>
</tr>
</thead>
<tr>
<td class="failures">successfulGetPropertiesWithMaterialRubber[0](null)</td>
<td class="failures">2.022s</td>
<td class="failures">failed</td>
</tr>
<tr>
<td class="failures">successfulGetPropertiesWithMaterialWood[0](null)</td>
<td class="failures">0.717s</td>
<td class="failures">failed</td>
</tr>
</table>
</div>
<div id="tab2" class="tab">
<h2>Standard output</h2>
<span class="code">
<pre>11:47:15,461 DEBUG   util.TypeConverter| Using type converter 'spring'
11:47:15,461 DEBUG   util.TypeConverter| Using type converter 'spring'
11:47:15,461 DEBUG   util.TypeConverter| Using type converter 'spring'
11:47:15,461 DEBUG   util.TypeConverter| Using type converter 'spring'
11:47:15,525 INFO  port.LoggingReporter| 
11:47:15,526 INFO  port.LoggingReporter| ------------------------------------------------------------------------
11:47:15,525 INFO  port.LoggingReporter| 
11:47:15,528 INFO  port.LoggingReporter| ------------------------------------------------------------------------
11:47:15,525 INFO  port.LoggingReporter| 
11:47:15,530 INFO  port.LoggingReporter| ------------------------------------------------------------------------
11:47:15,525 INFO  port.LoggingReporter| 
11:47:15,532 INFO  port.LoggingReporter| ------------------------------------------------------------------------
11:47:15,537 DEBUG port.LoggingReporter| STARTING TEST DuckFlyTest.successfulFlyWithActiveWings &lt;autotests.tests.actions&gt;
11:47:15,537 DEBUG port.LoggingReporter| STARTING TEST DuckQuackTest.successfulQuackWithEvenId &lt;autotests.tests.actions&gt;
11:47:15,537 INFO  port.LoggingReporter| 
11:47:15,538 DEBUG trus.DefaultTestCase| Initializing test case
11:47:15,537 DEBUG port.LoggingReporter| STARTING TEST DuckPropertiesTest.successfulGetPropertiesWithMaterialRubber &lt;autotests.tests.actions&gt;
11:47:15,539 INFO  port.LoggingReporter| 
11:47:15,537 DEBUG port.LoggingReporter| STARTING TEST DuckSwimTest.successfulSwimWithExistingId &lt;autotests.tests.actions&gt;
11:47:15,541 INFO  port.LoggingReporter| 
11:47:15,542 DEBUG trus.DefaultTestCase| Initializing test case
11:47:15,539 DEBUG trus.DefaultTestCase| Initializing test case
11:47:15,537 INFO  port.LoggingReporter| 
11:47:15,547 DEBUG trus.DefaultTestCase| Initializing test case
11:47:15,548 DEBUG  context.TestContext| Setting variable: citrus.test.name with value: 'DuckFlyTest.successfulFlyWithActiveWings'
11:47:15,546 DEBUG  context.TestContext| Setting variable: citrus.test.name with value: 'DuckQuackTest.successfulQuackWithEvenId'
11:47:15,552 DEBUG  context.TestContext| Setting variable: citrus.test.package with value: 'autotests.tests.actions'
11:47:15,547 DEBUG  context.TestContext| Setting variable: citrus.test.name with value: 'DuckSwimTest.successfulSwimWithExistingId'
11:47:15,555 DEBUG  context.TestContext| Setting variable: citrus.test.package with value: 'autotests.tests.actions'
11:47:15,557 DEBUG trus.DefaultTestCase| Initializing test parameter 'arg0' as variable
11:47:15,560 DEBUG  context.TestContext| Setting variable: arg0 with value: 'com.consol.citrus.DefaultTestCaseRunner@3b4101ab'
11:47:15,564 DEBUG trus.DefaultTestCase| Test variables:
11:47:15,565 DEBUG trus.DefaultTestCase| citrus.test.package = autotests.tests.actions
11:47:15,566 DEBUG trus.DefaultTestCase| arg0 = com.consol.citrus.DefaultTestCaseRunner@3b4101ab
11:47:15,568 DEBUG trus.DefaultTestCase| citrus.test.name = DuckSwimTest.successfulSwimWithExistingId
11:47:15,546 DEBUG  context.TestContext| Setting variable: citrus.test.name with value: 'DuckPropertiesTest.successfulGetPropertiesWithMaterialRubber'
11:47:15,569 DEBUG  context.TestContext| Setting variable: citrus.test.package with value: 'autotests.tests.actions'
11:47:15,554 DEBUG trus.DefaultTestCase| Initializing test parameter 'arg0' as variable
11:47:15,549 DEBUG  context.TestContext| Setting variable: citrus.test.package with value: 'autotests.tests.actions'
11:47:15,572 DEBUG trus.DefaultTestCase| Initializing test parameter 'arg0' as variable
11:47:15,572 DEBUG  context.TestContext| Setting variable: arg0 with value: 'com.consol.citrus.DefaultTestCaseRunner@1b2c9969'
11:47:15,573 DEBUG trus.DefaultTestCase| Test variables:
11:47:15,574 DEBUG trus.DefaultTestCase| citrus.test.package = autotests.tests.actions
11:47:15,571 DEBUG  context.TestContext| Setting variable: arg0 with value: 'com.consol.citrus.DefaultTestCaseRunner@26f15abd'
11:47:15,570 DEBUG trus.DefaultTestCase| Initializing test parameter 'arg0' as variable
11:47:15,580 DEBUG trus.DefaultTestCase| Test variables:
11:47:15,581 DEBUG trus.DefaultTestCase| citrus.test.package = autotests.tests.actions
11:47:15,582 DEBUG trus.DefaultTestCase| arg0 = com.consol.citrus.DefaultTestCaseRunner@26f15abd
11:47:15,583 DEBUG trus.DefaultTestCase| citrus.test.name = DuckQuackTest.successfulQuackWithEvenId
11:47:15,583 DEBUG  context.TestContext| Setting variable: duckId with value: '1234568'
11:47:15,576 DEBUG trus.DefaultTestCase| arg0 = com.consol.citrus.DefaultTestCaseRunner@1b2c9969
11:47:15,582 DEBUG  context.TestContext| Setting variable: duckId with value: '845628'
11:47:15,581 DEBUG  context.TestContext| Setting variable: arg0 with value: 'com.consol.citrus.DefaultTestCaseRunner@5d46653b'
11:47:15,585 DEBUG trus.DefaultTestCase| citrus.test.name = DuckFlyTest.successfulFlyWithActiveWings
11:47:15,588 DEBUG trus.DefaultTestCase| Test variables:
11:47:15,590 DEBUG trus.DefaultTestCase| citrus.test.package = autotests.tests.actions
11:47:15,590 DEBUG  context.TestContext| Setting variable: duckId with value: '925560'
11:47:15,591 DEBUG trus.DefaultTestCase| arg0 = com.consol.citrus.DefaultTestCaseRunner@5d46653b
11:47:15,592 DEBUG trus.DefaultTestCase| citrus.test.name = DuckPropertiesTest.successfulGetPropertiesWithMaterialRubber
11:47:15,593 DEBUG  context.TestContext| Setting variable: duckId with value: '1234567'
11:47:15,685 INFO  port.LoggingReporter| 
11:47:15,685 INFO  port.LoggingReporter| 
11:47:15,685 INFO  port.LoggingReporter| 
11:47:15,685 INFO  port.LoggingReporter| 
11:47:15,701 DEBUG port.LoggingReporter| TEST STEP 0: sql
11:47:15,701 DEBUG port.LoggingReporter| TEST STEP 0: sql
11:47:15,701 DEBUG port.LoggingReporter| TEST STEP 0: sql
11:47:15,701 DEBUG port.LoggingReporter| TEST STEP 0: sql
11:47:15,702 DEBUG ons.ExecuteSQLAction| Executing SQL statement: INSERT INTO DUCK (id, color, height, material, sound, wings_state)
VALUES (925560, 'yellow', 0.15, 'rubber', 'quack', 'ACTIVE')
11:47:15,702 DEBUG ons.ExecuteSQLAction| Executing SQL statement: INSERT INTO DUCK (id, color, height, material, sound, wings_state)
VALUES (845628, 'yellow', 0.15, 'rubber', 'quack', 'ACTIVE')
11:47:15,702 DEBUG ons.ExecuteSQLAction| Executing SQL statement: INSERT INTO DUCK (id, color, height, material, sound, wings_state)
VALUES (1234568, 'yellow', 0.15, 'rubber', 'quack', 'ACTIVE')
11:47:15,703 DEBUG ons.ExecuteSQLAction| Executing SQL statement: INSERT INTO DUCK (id, color, height, material, sound, wings_state)
VALUES (1234567, 'yellow', 0.15, 'rubber', 'quack', 'ACTIVE')
11:47:15,916 INFO  ons.ExecuteSQLAction| SQL statement execution successful
11:47:15,916 INFO  ons.ExecuteSQLAction| SQL statement execution successful
11:47:15,916 INFO  ons.ExecuteSQLAction| SQL statement execution successful
11:47:15,917 INFO  port.LoggingReporter| 
11:47:15,916 INFO  ons.ExecuteSQLAction| SQL statement execution successful
11:47:15,918 INFO  port.LoggingReporter| 
11:47:15,917 INFO  port.LoggingReporter| 
11:47:15,916 INFO  port.LoggingReporter| 
11:47:15,918 DEBUG port.LoggingReporter| TEST STEP 0 SUCCESS
11:47:15,918 DEBUG port.LoggingReporter| TEST STEP 0 SUCCESS
11:47:15,918 DEBUG port.LoggingReporter| TEST STEP 0 SUCCESS
11:47:15,919 DEBUG port.LoggingReporter| TEST STEP 0 SUCCESS
11:47:16,023 INFO  port.LoggingReporter| 
11:47:16,024 DEBUG port.LoggingReporter| TEST STEP 0: send
11:47:16,024 INFO  port.LoggingReporter| 
11:47:16,027 DEBUG port.LoggingReporter| TEST STEP 0: send
11:47:16,024 INFO  port.LoggingReporter| 
11:47:16,029 DEBUG port.LoggingReporter| TEST STEP 0: send
11:47:16,024 INFO  port.LoggingReporter| 
11:47:16,031 DEBUG port.LoggingReporter| TEST STEP 0: send
11:47:16,028 DEBUG   util.TypeConverter| Using type converter 'spring'
11:47:16,079 DEBUG ltCorrelationManager| Saving correlation key for 'citrus_message_correlator_duckService'
11:47:16,080 DEBUG ltCorrelationManager| Saving correlation key for 'citrus_message_correlator_duckService'
11:47:16,079 DEBUG ltCorrelationManager| Saving correlation key for 'citrus_message_correlator_duckService'
11:47:16,081 DEBUG  context.TestContext| Setting variable: citrus_message_correlator_duckService with value: 'citrus_message_id = '40a1c6ee-9817-4d8f-a054-5864f715c36d''
11:47:16,080 DEBUG ltCorrelationManager| Saving correlation key for 'citrus_message_correlator_duckService'
11:47:16,082 DEBUG  context.TestContext| Setting variable: citrus_message_correlator_duckService with value: 'citrus_message_id = 'dab70ce7-44e6-44e9-8b81-0575dc7cc3fa''
11:47:16,080 DEBUG  context.TestContext| Setting variable: citrus_message_correlator_duckService with value: 'citrus_message_id = '399ebab1-3f64-4b70-adaf-8e625b255c82''
11:47:16,083 DEBUG  context.TestContext| Setting variable: citrus_message_replyTo_citrus_message_correlator_duckService with value: 'http://localhost:2222/api/duck/action/properties?id=1234567'
11:47:16,084 INFO     client.HttpClient| Sending HTTP message to: 'http://localhost:2222/api/duck/action/properties?id=1234567'
11:47:16,081 DEBUG  context.TestContext| Setting variable: citrus_message_correlator_duckService with value: 'citrus_message_id = 'd3850263-ea5b-4f02-adc7-cf8fb55ae6a9''
11:47:16,085 DEBUG    client.HttpClient| Message to send:

11:47:16,084 DEBUG  context.TestContext| Setting variable: citrus_message_replyTo_citrus_message_correlator_duckService with value: 'http://localhost:2222/api/duck/action/quack?repetitionCount=3&amp;soundCount=2&amp;id=1234568'
11:47:16,083 DEBUG  context.TestContext| Setting variable: citrus_message_replyTo_citrus_message_correlator_duckService with value: 'http://localhost:2222/api/duck/action/fly?id=925560'
11:47:16,089 INFO     client.HttpClient| Sending HTTP message to: 'http://localhost:2222/api/duck/action/fly?id=925560'
11:47:16,091 DEBUG    client.HttpClient| Message to send:

11:47:16,087 INFO     client.HttpClient| Sending HTTP message to: 'http://localhost:2222/api/duck/action/quack?repetitionCount=3&amp;soundCount=2&amp;id=1234568'
11:47:16,092 DEBUG    client.HttpClient| Message to send:

11:47:16,085 DEBUG  context.TestContext| Setting variable: citrus_message_replyTo_citrus_message_correlator_duckService with value: 'http://localhost:2222/api/duck/action/swim?id=845628'
11:47:16,094 INFO     client.HttpClient| Sending HTTP message to: 'http://localhost:2222/api/duck/action/swim?id=845628'
11:47:16,094 DEBUG    client.HttpClient| Message to send:

11:47:16,180 DEBUG ingClientInterceptor| Sending Http request message
11:47:16,181 DEBUG ingClientInterceptor| Sending Http request message
11:47:16,180 DEBUG ingClientInterceptor| Sending Http request message
11:47:16,183 DEBUG   util.TypeConverter| Using type converter 'spring'
11:47:16,181 DEBUG ingClientInterceptor| Sending Http request message
11:47:16,188 DEBUG   util.TypeConverter| Using type converter 'spring'
11:47:16,187 DEBUG   util.TypeConverter| Using type converter 'spring'
11:47:16,183 DEBUG   util.TypeConverter| Using type converter 'spring'
11:47:16,533 DEBUG ingClientInterceptor| Received Http response message
11:47:16,533 DEBUG ingClientInterceptor| Received Http response message
11:47:16,533 DEBUG ingClientInterceptor| Received Http response message
11:47:16,534 DEBUG   util.TypeConverter| Using type converter 'spring'
11:47:16,533 DEBUG ingClientInterceptor| Received Http response message
11:47:16,536 DEBUG   util.TypeConverter| Using type converter 'spring'
11:47:16,536 DEBUG   util.TypeConverter| Using type converter 'spring'
11:47:16,533 DEBUG   util.TypeConverter| Using type converter 'spring'
11:47:16,555 INFO     client.HttpClient| HTTP message was sent to endpoint: 'http://localhost:2222/api/duck/action/quack?repetitionCount=3&amp;soundCount=2&amp;id=1234568'
11:47:16,557 INFO     client.HttpClient| HTTP message was sent to endpoint: 'http://localhost:2222/api/duck/action/fly?id=925560'
11:47:16,558 INFO     client.HttpClient| HTTP message was sent to endpoint: 'http://localhost:2222/api/duck/action/properties?id=1234567'
11:47:16,572 DEBUG ltCorrelationManager| Saving correlated object for 'citrus_message_id = '399ebab1-3f64-4b70-adaf-8e625b255c82''
11:47:16,572 DEBUG ltCorrelationManager| Saving correlated object for 'citrus_message_id = '40a1c6ee-9817-4d8f-a054-5864f715c36d''
11:47:16,573 INFO  port.LoggingReporter| 
11:47:16,573 DEBUG port.LoggingReporter| TEST STEP 0 SUCCESS
11:47:16,578 INFO  port.LoggingReporter| 
11:47:16,579 DEBUG port.LoggingReporter| TEST STEP 0 SUCCESS
11:47:16,578 DEBUG ltCorrelationManager| Saving correlated object for 'citrus_message_id = 'dab70ce7-44e6-44e9-8b81-0575dc7cc3fa''
11:47:16,583 INFO  port.LoggingReporter| 
11:47:16,583 DEBUG port.LoggingReporter| TEST STEP 0 SUCCESS
11:47:16,605 INFO     client.HttpClient| Caught HTTP rest client exception: 404 Not Found
11:47:16,606 INFO     client.HttpClient| Propagating HTTP rest client exception according to error handling strategy
11:47:16,607 DEBUG ltCorrelationManager| Saving correlated object for 'citrus_message_id = 'd3850263-ea5b-4f02-adc7-cf8fb55ae6a9''
11:47:16,608 INFO  port.LoggingReporter| 
11:47:16,608 DEBUG port.LoggingReporter| TEST STEP 0 SUCCESS
11:47:16,625 DEBUG       util.FileUtils| Reading file resource: 'successfulQuackWithEvenId.json' (encoding is 'windows-1251')
11:47:16,642 INFO  port.LoggingReporter| 
11:47:16,642 INFO  port.LoggingReporter| 
11:47:16,643 DEBUG port.LoggingReporter| TEST STEP 0: receive
11:47:16,642 INFO  port.LoggingReporter| 
11:47:16,644 DEBUG port.LoggingReporter| TEST STEP 0: receive
11:47:16,642 INFO  port.LoggingReporter| 
11:47:16,646 DEBUG port.LoggingReporter| TEST STEP 0: receive
11:47:16,646 DEBUG ngCorrelationManager| Get correlation key for 'citrus_message_correlator_duckService'
11:47:16,647 DEBUG ltCorrelationManager| Finding correlated object for 'citrus_message_id = '40a1c6ee-9817-4d8f-a054-5864f715c36d''
11:47:16,643 DEBUG port.LoggingReporter| TEST STEP 0: receive
11:47:16,648 DEBUG ngCorrelationManager| Get correlation key for 'citrus_message_correlator_duckService'
11:47:16,649 DEBUG ltCorrelationManager| Finding correlated object for 'citrus_message_id = 'dab70ce7-44e6-44e9-8b81-0575dc7cc3fa''
11:47:16,647 DEBUG ngCorrelationManager| Get correlation key for 'citrus_message_correlator_duckService'
11:47:16,652 DEBUG ltCorrelationManager| Finding correlated object for 'citrus_message_id = '399ebab1-3f64-4b70-adaf-8e625b255c82''
11:47:16,654 DEBUG ReceiveMessageAction| Received message:
HTTPMESSAGE [id: 9b95618b-8a55-499e-8ed6-5b1872e558a9, payload: {
  &quot;message&quot;: &quot;I am flying :)&quot;
}][headers: {Transfer-Encoding=chunked, Connection=keep-alive, contentType=application/json, Date=1738212436000, citrus_message_id=9b95618b-8a55-499e-8ed6-5b1872e558a9, citrus_message_timestamp=1738212436571, Keep-Alive=timeout=60, Content-Type=application/json, citrus_http_status_code=200, citrus_http_reason_phrase=OK, citrus_http_version=HTTP/1.1}]
11:47:16,646 DEBUG ngCorrelationManager| Get correlation key for 'citrus_message_correlator_duckService'
11:47:16,658 DEBUG ltCorrelationManager| Finding correlated object for 'citrus_message_id = 'd3850263-ea5b-4f02-adc7-cf8fb55ae6a9''
11:47:16,659 DEBUG ReceiveMessageAction| Control message:
HTTPMESSAGE [id: a24f0f3f-9b4e-4b3f-8407-be6074dbc27c, payload: {

  &quot;message&quot;: &quot;I`m flying&quot;
}][headers: {citrus_message_id=a24f0f3f-9b4e-4b3f-8407-be6074dbc27c, citrus_message_timestamp=1738212436618, citrus_http_reason_phrase=OK, citrus_http_status_code=200, Content-Type=application/json, citrus_message_type=XML}]
11:47:16,660 DEBUG ReceiveMessageAction| Received message:
HTTPMESSAGE [id: d9b0b6f3-8d69-4c24-b331-9abda0b0d01a, payload: {
  &quot;message&quot;: &quot;Paws are not found ((((&quot;
}][headers: {Transfer-Encoding=chunked, Connection=keep-alive, contentType=application/json, Date=1738212436000, citrus_message_id=d9b0b6f3-8d69-4c24-b331-9abda0b0d01a, citrus_message_timestamp=1738212436607, Keep-Alive=timeout=60, Content-Type=application/json, citrus_http_status_code=404, citrus_http_reason_phrase=NOT_FOUND, citrus_http_version=HTTP/1.1}]
11:47:16,661 DEBUG ReceiveMessageAction| Control message:
HTTPMESSAGE [id: 7d64c639-66c7-45d4-8435-268e2c0e36fd, payload: {

  &quot;message&quot;: &quot;I'm swimming&quot;
}][headers: {citrus_message_id=7d64c639-66c7-45d4-8435-268e2c0e36fd, citrus_message_timestamp=1738212436618, citrus_http_reason_phrase=OK, citrus_http_status_code=200, Content-Type=application/json, citrus_message_type=XML}]
11:47:16,658 DEBUG ReceiveMessageAction| Received message:
HTTPMESSAGE [id: 3aa41adf-6963-4176-b526-bc1d2b654d87, payload: {
  &quot;color&quot;: &quot;yellow&quot;,
  &quot;height&quot;: 15.0,
  &quot;material&quot;: &quot;rubber&quot;,
  &quot;sound&quot;: &quot;quack&quot;,
  &quot;wingsState&quot;: &quot;ACTIVE&quot;
}][headers: {Transfer-Encoding=chunked, Connection=keep-alive, contentType=application/json, Date=1738212436000, citrus_message_id=3aa41adf-6963-4176-b526-bc1d2b654d87, citrus_message_timestamp=1738212436571, Keep-Alive=timeout=60, Content-Type=application/json, citrus_http_status_code=200, citrus_http_reason_phrase=OK, citrus_http_version=HTTP/1.1}]
11:47:16,656 DEBUG ReceiveMessageAction| Received message:
HTTPMESSAGE [id: 6dff2157-3fb5-463b-8d38-55f4f92085c4, payload: {
  &quot;sound&quot;: &quot;moo-moo-moo, moo-moo-moo&quot;
}][headers: {Transfer-Encoding=chunked, Connection=keep-alive, contentType=application/json, Date=1738212436000, citrus_message_id=6dff2157-3fb5-463b-8d38-55f4f92085c4, citrus_message_timestamp=1738212436578, Keep-Alive=timeout=60, Content-Type=application/json, citrus_http_status_code=200, citrus_http_reason_phrase=OK, citrus_http_version=HTTP/1.1}]
11:47:16,670 DEBUG ageValidatorRegistry| Found 3 message validators for message
11:47:16,673 DEBUG ssageHeaderValidator| Start message header validation ...
11:47:16,674 DEBUG ReceiveMessageAction| Control message:
HTTPMESSAGE [id: bcbec8c8-e2ac-4836-b3cd-5e7e7a0ce442, payload: {

  &quot;sound&quot;: &quot;quack-quack-quack, quack-quack-quack&quot;
}][headers: {citrus_message_id=bcbec8c8-e2ac-4836-b3cd-5e7e7a0ce442, citrus_message_timestamp=1738212436618, citrus_http_reason_phrase=OK, citrus_http_status_code=200, Content-Type=application/json, citrus_message_type=XML}]
11:47:16,677 DEBUG ageValidatorRegistry| Found 3 message validators for message
11:47:16,666 DEBUG ageValidatorRegistry| Found 3 message validators for message
11:47:16,673 DEBUG ReceiveMessageAction| Control message:
HTTPMESSAGE [id: 0e64b3af-d431-403d-a70f-c569da168901, payload: {
  &quot;color&quot;: &quot;yellow&quot;,
  &quot;height&quot;: 0.15,
  &quot;material&quot;: &quot;rubber&quot;,
  &quot;sound&quot;: &quot;quack&quot;,
  &quot;wingsState&quot;: &quot;ACTIVE&quot;
}][headers: {citrus_message_id=0e64b3af-d431-403d-a70f-c569da168901, citrus_message_timestamp=1738212436618, citrus_http_reason_phrase=OK, citrus_http_status_code=200, Content-Type=application/json, citrus_message_type=XML}]
11:47:16,680 DEBUG ageValidatorRegistry| Found 3 message validators for message
11:47:16,680 DEBUG ssageHeaderValidator| Start message header validation ...
11:47:16,677 DEBUG ssageHeaderValidator| Start message header validation ...
11:47:16,678 DEBUG ssageHeaderValidator| Start message header validation ...
11:47:16,704 DEBUG er.TypeAliasResolver| Found type alias resolver 'marshallerResolver' as class com.consol.citrus.context.resolver.MarshallerAliasResolver
11:47:16,707 DEBUG er.TypeAliasResolver| Found type alias resolver 'unmarshallerResolver' as class com.consol.citrus.context.resolver.UnmarshallerAliasResolver
11:47:16,707 DEBUG er.TypeAliasResolver| Found type alias resolver 'marshallerResolver' as class com.consol.citrus.context.resolver.MarshallerAliasResolver
11:47:16,704 DEBUG er.TypeAliasResolver| Found type alias resolver 'marshallerResolver' as class com.consol.citrus.context.resolver.MarshallerAliasResolver
11:47:16,715 DEBUG er.TypeAliasResolver| Found type alias resolver 'unmarshallerResolver' as class com.consol.citrus.context.resolver.UnmarshallerAliasResolver
11:47:16,719 DEBUG er.TypeAliasResolver| Found type alias resolver 'unmarshallerResolver' as class com.consol.citrus.context.resolver.UnmarshallerAliasResolver
11:47:16,707 DEBUG er.TypeAliasResolver| Found type alias resolver 'marshallerResolver' as class com.consol.citrus.context.resolver.MarshallerAliasResolver
11:47:16,722 DEBUG er.TypeAliasResolver| Found type alias resolver 'unmarshallerResolver' as class com.consol.citrus.context.resolver.UnmarshallerAliasResolver
11:47:16,750 DEBUG faultHeaderValidator| Validating header element: citrus_http_reason_phrase='OK': OK.
11:47:16,751 DEBUG faultHeaderValidator| Validating header element: citrus_http_reason_phrase='OK': OK.
11:47:16,760 DEBUG trus.DefaultTestCase| Entering finally block in test case
11:47:16,760 INFO  port.LoggingReporter| 
11:47:16,761 DEBUG port.LoggingReporter| TEST STEP 0: DuckSwimTest$$Lambda$777/0x00000008404b8c40
11:47:16,761 INFO  port.LoggingReporter| 
11:47:16,762 DEBUG port.LoggingReporter| TEST STEP 0: sql
11:47:16,762 DEBUG ons.ExecuteSQLAction| Executing SQL statement: DELETE FROM DUCK WHERE ID=845628
11:47:16,766 INFO  ons.ExecuteSQLAction| SQL statement execution successful
11:47:16,766 INFO  port.LoggingReporter| 
11:47:16,768 DEBUG port.LoggingReporter| TEST STEP 0 SUCCESS
11:47:16,768 INFO  port.LoggingReporter| 
11:47:16,768 DEBUG port.LoggingReporter| TEST STEP 0 SUCCESS
11:47:16,769 INFO  port.LoggingReporter| 
11:47:16,750 DEBUG faultHeaderValidator| Validating header element: citrus_http_reason_phrase='OK': OK.
11:47:16,772 ERROR port.LoggingReporter| TEST FAILED DuckSwimTest.successfulSwimWithExistingId &lt;autotests.tests.actions&gt; Nested exception is: 
com.consol.citrus.exceptions.ValidationException: Validation failed: Values not equal for header element 'citrus_http_reason_phrase', expected 'OK' but was 'NOT_FOUND'
	at com.consol.citrus.validation.DefaultHeaderValidator.validateHeader(DefaultHeaderValidator.java:79)
	at com.consol.citrus.validation.DefaultMessageHeaderValidator.validateMessage(DefaultMessageHeaderValidator.java:101)
	at com.consol.citrus.validation.DefaultMessageHeaderValidator.validateMessage(DefaultMessageHeaderValidator.java:44)
	at com.consol.citrus.validation.AbstractMessageValidator.validateMessage(AbstractMessageValidator.java:46)
	at com.consol.citrus.actions.ReceiveMessageAction.validateMessage(ReceiveMessageAction.java:279)
	at com.consol.citrus.actions.ReceiveMessageAction.doExecute(ReceiveMessageAction.java:168)
	at com.consol.citrus.actions.AbstractTestAction.execute(AbstractTestAction.java:59)
	at com.consol.citrus.DefaultTestCase.executeAction(DefaultTestCase.java:136)
	at com.consol.citrus.DefaultTestCaseRunner.run(DefaultTestCaseRunner.java:125)
	at com.consol.citrus.TestActionRunner.$(TestActionRunner.java:35)
	at autotests.clients.DuckActionsClient.validateResponseString(DuckActionsClient.java:30)
	at autotests.tests.actions.DuckSwimTest.successfulSwimWithExistingId(DuckSwimTest.java:32)
	at java.base/jdk.internal.reflect.NativeMethodAccessorImpl.invoke0(Native Method)
	at java.base/jdk.internal.reflect.NativeMethodAccessorImpl.invoke(NativeMethodAccessorImpl.java:62)
	at java.base/jdk.internal.reflect.DelegatingMethodAccessorImpl.invoke(DelegatingMethodAccessorImpl.java:43)
	at java.base/java.lang.reflect.Method.invoke(Method.java:566)
	at org.springframework.util.ReflectionUtils.invokeMethod(ReflectionUtils.java:282)
	at com.consol.citrus.testng.TestNGHelper.lambda$invokeTestMethod$1(TestNGHelper.java:82)
	at com.consol.citrus.common.DefaultTestLoader.lambda$doLoad$1(DefaultTestLoader.java:116)
	at java.base/java.util.ArrayList.forEach(ArrayList.java:1541)
	at com.consol.citrus.common.DefaultTestLoader.doLoad(DefaultTestLoader.java:116)
	at com.consol.citrus.common.DefaultTestLoader.load(DefaultTestLoader.java:94)
	at com.consol.citrus.testng.TestNGHelper.invokeTestMethod(TestNGHelper.java:83)
	at com.consol.citrus.testng.spring.TestNGCitrusSpringSupport.run(TestNGCitrusSpringSupport.java:185)
	at com.consol.citrus.testng.spring.TestNGCitrusSpringSupport.run(TestNGCitrusSpringSupport.java:101)
	at org.testng.internal.invokers.MethodInvocationHelper.invokeHookable(MethodInvocationHelper.java:272)
	at org.testng.internal.invokers.TestInvoker.invokeMethod(TestInvoker.java:669)
	at org.testng.internal.invokers.TestInvoker.invokeTestMethod(TestInvoker.java:221)
	at org.testng.internal.invokers.MethodRunner.runInSequence(MethodRunner.java:50)
	at org.testng.internal.invokers.TestInvoker$MethodInvocationAgent.invoke(TestInvoker.java:969)
	at org.testng.internal.invokers.TestInvoker.invokeTestMethods(TestInvoker.java:194)
	at org.testng.internal.invokers.TestMethodWorker.invokeTestMethods(TestMethodWorker.java:148)
	at org.testng.internal.invokers.TestMethodWorker.run(TestMethodWorker.java:128)
	at java.base/java.util.concurrent.ThreadPoolExecutor.runWorker(ThreadPoolExecutor.java:1128)
	at java.base/java.util.concurrent.ThreadPoolExecutor$Worker.run(ThreadPoolExecutor.java:628)
	at java.base/java.lang.Thread.run(Thread.java:829)
Caused by: java.lang.IllegalArgumentException: Values not equal for header element 'citrus_http_reason_phrase', expected 'OK' but was 'NOT_FOUND'
	at org.springframework.util.Assert.isTrue(Assert.java:121)
	at com.consol.citrus.validation.DefaultHeaderValidator.validateHeader(DefaultHeaderValidator.java:66)
	... 35 more
11:47:16,783 INFO  port.LoggingReporter| ------------------------------------------------------------------------
11:47:16,791 INFO  port.LoggingReporter| 
11:47:16,882 DEBUG faultHeaderValidator| Validating header element: citrus_http_status_code='200': OK.
11:47:16,883 DEBUG faultHeaderValidator| Validating header element: Content-Type='application/json': OK.
11:47:16,883 INFO  ssageHeaderValidator| Message header validation successful: All values OK
11:47:16,885 DEBUG TextMessageValidator| Start JSON message validation ...
11:47:16,886 DEBUG JsonSchemaValidation| Starting Json schema validation ...
11:47:16,882 DEBUG faultHeaderValidator| Validating header element: citrus_http_status_code='200': OK.
11:47:16,887 DEBUG faultHeaderValidator| Validating header element: Content-Type='application/json': OK.
11:47:16,887 INFO  ssageHeaderValidator| Message header validation successful: All values OK
11:47:16,887 DEBUG TextMessageValidator| Start JSON message validation ...
11:47:16,891 DEBUG JsonSchemaValidation| Starting Json schema validation ...
11:47:16,893 DEBUG faultHeaderValidator| Validating header element: citrus_http_status_code='200': OK.
11:47:16,894 DEBUG faultHeaderValidator| Validating header element: Content-Type='application/json': OK.
11:47:16,894 INFO  ssageHeaderValidator| Message header validation successful: All values OK
11:47:16,895 DEBUG TextMessageValidator| Start JSON message validation ...
11:47:16,895 DEBUG JsonSchemaValidation| Starting Json schema validation ...
11:47:17,432 DEBUG trus.DefaultTestCase| Entering finally block in test case
11:47:17,433 INFO  port.LoggingReporter| 
11:47:17,433 DEBUG port.LoggingReporter| TEST STEP 0: DuckQuackTest$$Lambda$1083/0x00000008405b4040
11:47:17,433 INFO  port.LoggingReporter| 
11:47:17,433 DEBUG port.LoggingReporter| TEST STEP 0: sql
11:47:17,433 DEBUG ons.ExecuteSQLAction| Executing SQL statement: DELETE FROM DUCK WHERE ID=1234567
11:47:17,435 INFO  ons.ExecuteSQLAction| SQL statement execution successful
11:47:17,435 INFO  port.LoggingReporter| 
11:47:17,435 DEBUG port.LoggingReporter| TEST STEP 0 SUCCESS
11:47:17,435 INFO  port.LoggingReporter| 
11:47:17,435 DEBUG port.LoggingReporter| TEST STEP 0 SUCCESS
11:47:17,435 INFO  port.LoggingReporter| 
11:47:17,436 INFO  port.LoggingReporter| TEST SUCCESS DuckQuackTest.successfulQuackWithOddId (autotests.tests.actions)
11:47:17,436 INFO  port.LoggingReporter| ------------------------------------------------------------------------
11:47:17,436 INFO  port.LoggingReporter| 
11:47:17,437 DEBUG   util.TypeConverter| Using type converter 'spring'
11:47:17,442 INFO  port.LoggingReporter| 
11:47:18,143 INFO  ons.ExecuteSQLAction| SQL statement execution successful
11:47:18,145 DEBUG xecuteSQLQueryAction| Validation successful for column: 'COUNT' expected value: 0 - value OK
11:47:18,153 INFO  xecuteSQLQueryAction| SQL query validation successful: All values OK
11:47:18,153 DEBUG  context.TestContext| Setting variable: COUNT with value: '0'
11:47:18,153 INFO  port.LoggingReporter| 
11:47:18,153 DEBUG port.LoggingReporter| TEST STEP 0 SUCCESS
11:47:18,153 INFO  port.LoggingReporter| 
11:47:18,155 INFO  port.LoggingReporter| TEST SUCCESS DuckDeleteTest.successfulDeleteDuck (autotests.tests.objectManipulation)
</pre>
</span>
</div>
</div>
<div id="footer">
<p>
<div>
<label class="hidden" id="label-for-line-wrapping-toggle" for="line-wrapping-toggle">Wrap lines
<input id="line-wrapping-toggle" type="checkbox" autocomplete="off"/>
</label>
</div>Generated by 
<a href="http://www.gradle.org">Gradle 8.8</a> at 30 янв. 2025 г., 11:47:20</p>
</div>
</div>
</body>
</html>
